#
# A fatal error has been detected by the Java Runtime Environment:
#
#  SIGSEGV (0xb) at pc=0x00007fdd824e50ad, pid=6757, tid=6775
#
# JRE version: OpenJDK Runtime Environment (11.0.10+9) (build 11.0.10+9-Ubuntu-0ubuntu1.20.04)
# Java VM: OpenJDK 64-Bit Server VM (11.0.10+9-Ubuntu-0ubuntu1.20.04, mixed mode, sharing, tiered, compressed oops, g1 gc, linux-amd64)
# Problematic frame:
# C  [libjimage.so+0x30ad]
#
# Core dump will be written. Default location: Core dumps may be processed with "/usr/share/apport/apport %p %s %c %d %P %E" (or dumping to /home/rohit/eclipse-workspace/WebDriverDemo/core.6757)
#
# If you would like to submit a bug report, please visit:
#   https://bugs.launchpad.net/ubuntu/+source/openjdk-lts
#

---------------  S U M M A R Y ------------

Command Line: -agentlib:jdwp=transport=dt_socket,suspend=y,address=localhost:42151 -javaagent:/home/rohit/.eclipse/360744286_linux_gtk_x86_64/configuration/org.eclipse.osgi/222/0/.cp/lib/javaagent-shaded.jar -Dfile.encoding=UTF-8 com.pluralsight.WebDriverDemo

Host: Intel(R) Core(TM) i5-5200U CPU @ 2.20GHz, 4 cores, 3G, Ubuntu 20.04.2 LTS
Time: Mon Apr 19 22:45:15 2021 IST elapsed time: 300.713818 seconds (0d 0h 5m 0s)

---------------  T H R E A D  ---------------

Current thread (0x00007fdd7c130800):  JavaThread "Signal Dispatcher" daemon [_thread_in_vm, id=6775, stack(0x00007fdd5c773000,0x00007fdd5c874000)]

Stack: [0x00007fdd5c773000,0x00007fdd5c874000],  sp=0x00007fdd5c8711f0,  free space=1016k
Native frames: (J=compiled Java code, A=aot compiled Java code, j=interpreted, Vv=VM code, C=native code)
C  [libjimage.so+0x30ad]
C  [libjimage.so+0x3da2]
C  [libjimage.so+0x42b1]  JIMAGE_FindResource+0xf1
V  [libjvm.so+0x5af401]
V  [libjvm.so+0x5b1bb1]
V  [libjvm.so+0xde46ed]
V  [libjvm.so+0xde327a]
V  [libjvm.so+0xde583b]
V  [libjvm.so+0x66111e]
V  [libjvm.so+0x84ee46]
j  jdk.internal.misc.Signal.dispatch(I)V+25 java.base@11.0.10
v  ~StubRoutines::call_stub
V  [libjvm.so+0x857b39]
V  [libjvm.so+0x856b52]
V  [libjvm.so+0xbc368e]
V  [libjvm.so+0xe1b50f]
V  [libjvm.so+0xe17b40]
V  [libjvm.so+0xbd5436]

Java frames: (J=compiled Java code, j=interpreted, Vv=VM code)
j  jdk.internal.misc.Signal.dispatch(I)V+25 java.base@11.0.10
v  ~StubRoutines::call_stub

siginfo: si_signo: 11 (SIGSEGV), si_code: 1 (SEGV_MAPERR), si_addr: 0x00007fdd738b1768

Register to memory mapping:

RAX=0x00000000000081d3 is an unknown value
RBX=0x00007fdd5c8712a1 is pointing into the stack for thread: 0x00007fdd7c130800
RCX=0x00007fdd5c8712c3 is pointing into the stack for thread: 0x00007fdd7c130800
RDX=0x00000000000081d3 is an unknown value
RSP=0x00007fdd5c8711f0 is pointing into the stack for thread: 0x00007fdd7c130800
RBP=0x00007fdd5c871210 is pointing into the stack for thread: 0x00007fdd7c130800
RSI=0x0 is NULL
RDI=0x00007fdd824ea030: <offset 0x0000000000008030> in /usr/lib/jvm/java-11-openjdk-amd64/lib/libjimage.so at 0x00007fdd824e2000
R8 =0x00007fdd7389101c is an unknown value
R9 =0x00007fdd5c8720b0 is pointing into the stack for thread: 0x00007fdd7c130800
R10=0x00007fdd838b0400: <offset 0x0000000000f40400> in /usr/lib/jvm/java-11-openjdk-amd64/lib/server/libjvm.so at 0x00007fdd82970000
R11=0x00007fdd5c872418 is pointing into the stack for thread: 0x00007fdd7c130800
R12=0x0000000000008424 is an unknown value
R13=0x00007fdd5c8712a0 is pointing into the stack for thread: 0x00007fdd7c130800
R14=0x0 is NULL
R15=0x00007fdd7c131140 points into unknown readable memory: 0x65746e692f6b646a | 6a 64 6b 2f 69 6e 74 65


Registers:
RAX=0x00000000000081d3, RBX=0x00007fdd5c8712a1, RCX=0x00007fdd5c8712c3, RDX=0x00000000000081d3
RSP=0x00007fdd5c8711f0, RBP=0x00007fdd5c871210, RSI=0x0000000000000000, RDI=0x00007fdd824ea030
R8 =0x00007fdd7389101c, R9 =0x00007fdd5c8720b0, R10=0x00007fdd838b0400, R11=0x00007fdd5c872418
R12=0x0000000000008424, R13=0x00007fdd5c8712a0, R14=0x0000000000000000, R15=0x00007fdd7c131140
RIP=0x00007fdd824e50ad, EFLAGS=0x0000000000010246, CSGSFS=0x002b000000000033, ERR=0x0000000000000004
  TRAPNO=0x000000000000000e

Top of Stack: (sp=0x00007fdd5c8711f0)
0x00007fdd5c8711f0:   0000000000000000 00007fdd5c872338
0x00007fdd5c871200:   00007fdd7c0098b0 00007fdd5c8712a0
0x00007fdd5c871210:   00007fdd5c871280 00007fdd824e5da2
0x00007fdd5c871220:   0000000000000000 0000000000000000 

Instructions: (pc=0x00007fdd824e50ad)
0x00007fdd824e4fad:   f3 ff ff 44 03 65 90 e9 3f fe ff ff 0f 1f 80 00
0x00007fdd824e4fbd:   00 00 00 41 8b 10 41 89 55 00 41 8b 54 00 fc 41
0x00007fdd824e4fcd:   89 54 05 fc e9 82 fc ff ff 66 2e 0f 1f 84 00 00
0x00007fdd824e4fdd:   00 00 00 b9 0a 00 00 00 e9 f0 fc ff ff 41 0f b7
0x00007fdd824e4fed:   54 00 fe 66 41 89 54 05 fe e9 5d fc ff ff 0f 1f
0x00007fdd824e4ffd:   44 00 00 f3 0f 1e fa 0f b6 17 89 f0 89 f1 4c 8d
0x00007fdd824e500d:   47 01 84 d2 74 1c 0f 1f 44 00 00 69 c9 93 01 00
0x00007fdd824e501d:   01 49 83 c0 01 31 d1 41 0f b6 50 ff 84 d2 75 eb
0x00007fdd824e502d:   89 c8 25 ff ff ff 7f c3 90 66 2e 0f 1f 84 00 00
0x00007fdd824e503d:   00 00 00 f3 0f 1e fa 48 85 d2 0f 84 da 00 00 00
0x00007fdd824e504d:   55 48 89 e5 41 55 41 54 41 89 cc 53 48 83 ec 08
0x00007fdd824e505d:   85 c9 0f 84 ba 00 00 00 49 89 f5 48 8d 5e 01 0f
0x00007fdd824e506d:   b6 36 49 89 d0 40 84 f6 0f 84 9d 00 00 00 48 89
0x00007fdd824e507d:   d9 b8 93 01 00 01 0f 1f 44 00 00 69 d0 93 01 00
0x00007fdd824e508d:   01 48 83 c1 01 40 0f b6 c6 0f b6 71 ff 31 d0 40
0x00007fdd824e509d:   84 f6 75 e7 25 ff ff ff 7f 31 d2 41 f7 f4 89 d0
0x00007fdd824e50ad:   41 8b 34 80 48 8b 07 ff 50 20 85 c0 7f 15 74 62
0x00007fdd824e50bd:   f7 d0 41 89 c0 48 83 c4 08 44 89 c0 5b 41 5c 41
0x00007fdd824e50cd:   5d 5d c3 41 0f b6 4d 00 89 c6 84 c9 74 1b 0f 1f
0x00007fdd824e50dd:   44 00 00 69 f6 93 01 00 01 48 83 c3 01 31 ce 0f
0x00007fdd824e50ed:   b6 4b ff 84 c9 75 ec 89 f0 25 ff ff ff 7f 31 d2
0x00007fdd824e50fd:   48 83 c4 08 41 f7 f4 5b 41 5c 41 5d 5d 41 89 d0
0x00007fdd824e510d:   44 89 c0 c3 0f 1f 80 00 00 00 00 b8 93 01 00 01
0x00007fdd824e511d:   eb 87 41 b8 ff ff ff ff eb 9b 41 83 c8 ff 44 89
0x00007fdd824e512d:   c0 c3 90 f3 0f 1e fa eb 1d 66 2e 0f 1f 84 00 00
0x00007fdd824e513d:   00 00 00 0f b6 16 84 d2 74 13 38 c2 75 15 48 83
0x00007fdd824e514d:   c7 01 48 83 c6 01 0f b6 07 84 c0 75 e6 48 89 f8
0x00007fdd824e515d:   c3 66 90 31 c0 c3 90 66 66 2e 0f 1f 84 00 00 00
0x00007fdd824e516d:   00 00 90 f3 0f 1e fa 48 85 f6 74 51 0f b6 06 84
0x00007fdd824e517d:   c0 74 4a 0f b6 d0 83 e0 07 c1 fa 03 44 8d 50 01
0x00007fdd824e518d:   0f b6 c0 41 89 d1 4c 8d 44 06 02 48 8d 56 01 31
0x00007fdd824e519d:   c0 66 90 0f b6 0a 48 c1 e0 08 48 83 c2 01 48 09 


Stack slot to memory mapping:
stack at sp + 0 slots: 0x0 is NULL
stack at sp + 1 slots: 0x00007fdd5c872338 is pointing into the stack for thread: 0x00007fdd7c130800
stack at sp + 2 slots: 0x00007fdd7c0098b0 points into unknown readable memory: 0x00007fdd200080c0 | c0 80 00 20 dd 7f 00 00
stack at sp + 3 slots: 0x00007fdd5c8712a0 is pointing into the stack for thread: 0x00007fdd7c130800
stack at sp + 4 slots: 0x00007fdd5c871280 is pointing into the stack for thread: 0x00007fdd7c130800
stack at sp + 5 slots: 0x00007fdd824e5da2: <offset 0x0000000000003da2> in /usr/lib/jvm/java-11-openjdk-amd64/lib/libjimage.so at 0x00007fdd824e2000
stack at sp + 6 slots: 0x0 is NULL
stack at sp + 7 slots: 0x0 is NULL


---------------  P R O C E S S  ---------------

