#
# A fatal error has been detected by the Java Runtime Environment:
#
#  SIGSEGV (0xb) at pc=0x00007f8e341dc0ad, pid=7605, tid=7627
#
# JRE version: OpenJDK Runtime Environment (11.0.10+9) (build 11.0.10+9-Ubuntu-0ubuntu1.20.04)
# Java VM: OpenJDK 64-Bit Server VM (11.0.10+9-Ubuntu-0ubuntu1.20.04, mixed mode, sharing, tiered, compressed oops, g1 gc, linux-amd64)
# Problematic frame:
# C  [libjimage.so+0x30ad]
#
# Core dump will be written. Default location: Core dumps may be processed with "/usr/share/apport/apport %p %s %c %d %P %E" (or dumping to /home/rohit/eclipse-workspace/WebDriverDemo/core.7605)
#
# If you would like to submit a bug report, please visit:
#   https://bugs.launchpad.net/ubuntu/+source/openjdk-lts
#

---------------  S U M M A R Y ------------

Command Line: -agentlib:jdwp=transport=dt_socket,suspend=y,address=localhost:37945 -javaagent:/home/rohit/.eclipse/360744286_linux_gtk_x86_64/configuration/org.eclipse.osgi/222/0/.cp/lib/javaagent-shaded.jar -Dfile.encoding=UTF-8 com.pluralsight.WebDriverDemo

Host: Intel(R) Core(TM) i5-5200U CPU @ 2.20GHz, 4 cores, 3G, Ubuntu 20.04.2 LTS
Time: Mon Apr 19 22:50:32 2021 IST elapsed time: 286.581470 seconds (0d 0h 4m 46s)

---------------  T H R E A D  ---------------

Current thread (0x00007f8e30130800):  JavaThread "Signal Dispatcher" daemon [_thread_in_vm, id=7627, stack(0x00007f8e10408000,0x00007f8e10509000)]

Stack: [0x00007f8e10408000,0x00007f8e10509000],  sp=0x00007f8e105061f0,  free space=1016k
Native frames: (J=compiled Java code, A=aot compiled Java code, j=interpreted, Vv=VM code, C=native code)
C  [libjimage.so+0x30ad]
C  [libjimage.so+0x3da2]
C  [libjimage.so+0x42b1]  JIMAGE_FindResource+0xf1
V  [libjvm.so+0x5af401]
V  [libjvm.so+0x5b1bb1]
V  [libjvm.so+0xde46ed]
V  [libjvm.so+0xde327a]
V  [libjvm.so+0xde583b]
V  [libjvm.so+0x66111e]
V  [libjvm.so+0x84ee46]
j  jdk.internal.misc.Signal.dispatch(I)V+25 java.base@11.0.10
v  ~StubRoutines::call_stub
V  [libjvm.so+0x857b39]
V  [libjvm.so+0x856b52]
V  [libjvm.so+0xbc368e]
V  [libjvm.so+0xe1b50f]
V  [libjvm.so+0xe17b40]
V  [libjvm.so+0xbd5436]

Java frames: (J=compiled Java code, j=interpreted, Vv=VM code)
j  jdk.internal.misc.Signal.dispatch(I)V+25 java.base@11.0.10
v  ~StubRoutines::call_stub

siginfo: si_signo: 11 (SIGSEGV), si_code: 1 (SEGV_MAPERR), si_addr: 0x00007f8e278b1768

Register to memory mapping:

RAX=0x00000000000081d3 is an unknown value
RBX=0x00007f8e105062a1 is pointing into the stack for thread: 0x00007f8e30130800
RCX=0x00007f8e105062c3 is pointing into the stack for thread: 0x00007f8e30130800
RDX=0x00000000000081d3 is an unknown value
RSP=0x00007f8e105061f0 is pointing into the stack for thread: 0x00007f8e30130800
RBP=0x00007f8e10506210 is pointing into the stack for thread: 0x00007f8e30130800
RSI=0x0 is NULL
RDI=0x00007f8e341e1030: <offset 0x0000000000008030> in /usr/lib/jvm/java-11-openjdk-amd64/lib/libjimage.so at 0x00007f8e341d9000
R8 =0x00007f8e2789101c is an unknown value
R9 =0x00007f8e105070b0 is pointing into the stack for thread: 0x00007f8e30130800
R10=0x00007f8e355a7400: <offset 0x0000000000f40400> in /usr/lib/jvm/java-11-openjdk-amd64/lib/server/libjvm.so at 0x00007f8e34667000
R11=0x00007f8e10507418 is pointing into the stack for thread: 0x00007f8e30130800
R12=0x0000000000008424 is an unknown value
R13=0x00007f8e105062a0 is pointing into the stack for thread: 0x00007f8e30130800
R14=0x0 is NULL
R15=0x00007f8e30131140 points into unknown readable memory: 0x65746e692f6b646a | 6a 64 6b 2f 69 6e 74 65


Registers:
RAX=0x00000000000081d3, RBX=0x00007f8e105062a1, RCX=0x00007f8e105062c3, RDX=0x00000000000081d3
RSP=0x00007f8e105061f0, RBP=0x00007f8e10506210, RSI=0x0000000000000000, RDI=0x00007f8e341e1030
R8 =0x00007f8e2789101c, R9 =0x00007f8e105070b0, R10=0x00007f8e355a7400, R11=0x00007f8e10507418
R12=0x0000000000008424, R13=0x00007f8e105062a0, R14=0x0000000000000000, R15=0x00007f8e30131140
RIP=0x00007f8e341dc0ad, EFLAGS=0x0000000000010246, CSGSFS=0x002b000000000033, ERR=0x0000000000000004
  TRAPNO=0x000000000000000e

Top of Stack: (sp=0x00007f8e105061f0)
0x00007f8e105061f0:   0000000000000000 00007f8e10507338
0x00007f8e10506200:   00007f8e300098b0 00007f8e105062a0
0x00007f8e10506210:   00007f8e10506280 00007f8e341dcda2
0x00007f8e10506220:   0000000000000000 0000000000000000 

Instructions: (pc=0x00007f8e341dc0ad)
0x00007f8e341dbfad:   f3 ff ff 44 03 65 90 e9 3f fe ff ff 0f 1f 80 00
0x00007f8e341dbfbd:   00 00 00 41 8b 10 41 89 55 00 41 8b 54 00 fc 41
0x00007f8e341dbfcd:   89 54 05 fc e9 82 fc ff ff 66 2e 0f 1f 84 00 00
0x00007f8e341dbfdd:   00 00 00 b9 0a 00 00 00 e9 f0 fc ff ff 41 0f b7
0x00007f8e341dbfed:   54 00 fe 66 41 89 54 05 fe e9 5d fc ff ff 0f 1f
0x00007f8e341dbffd:   44 00 00 f3 0f 1e fa 0f b6 17 89 f0 89 f1 4c 8d
0x00007f8e341dc00d:   47 01 84 d2 74 1c 0f 1f 44 00 00 69 c9 93 01 00
0x00007f8e341dc01d:   01 49 83 c0 01 31 d1 41 0f b6 50 ff 84 d2 75 eb
0x00007f8e341dc02d:   89 c8 25 ff ff ff 7f c3 90 66 2e 0f 1f 84 00 00
0x00007f8e341dc03d:   00 00 00 f3 0f 1e fa 48 85 d2 0f 84 da 00 00 00
0x00007f8e341dc04d:   55 48 89 e5 41 55 41 54 41 89 cc 53 48 83 ec 08
0x00007f8e341dc05d:   85 c9 0f 84 ba 00 00 00 49 89 f5 48 8d 5e 01 0f
0x00007f8e341dc06d:   b6 36 49 89 d0 40 84 f6 0f 84 9d 00 00 00 48 89
0x00007f8e341dc07d:   d9 b8 93 01 00 01 0f 1f 44 00 00 69 d0 93 01 00
0x00007f8e341dc08d:   01 48 83 c1 01 40 0f b6 c6 0f b6 71 ff 31 d0 40
0x00007f8e341dc09d:   84 f6 75 e7 25 ff ff ff 7f 31 d2 41 f7 f4 89 d0
0x00007f8e341dc0ad:   41 8b 34 80 48 8b 07 ff 50 20 85 c0 7f 15 74 62
0x00007f8e341dc0bd:   f7 d0 41 89 c0 48 83 c4 08 44 89 c0 5b 41 5c 41
0x00007f8e341dc0cd:   5d 5d c3 41 0f b6 4d 00 89 c6 84 c9 74 1b 0f 1f
0x00007f8e341dc0dd:   44 00 00 69 f6 93 01 00 01 48 83 c3 01 31 ce 0f
0x00007f8e341dc0ed:   b6 4b ff 84 c9 75 ec 89 f0 25 ff ff ff 7f 31 d2
0x00007f8e341dc0fd:   48 83 c4 08 41 f7 f4 5b 41 5c 41 5d 5d 41 89 d0
0x00007f8e341dc10d:   44 89 c0 c3 0f 1f 80 00 00 00 00 b8 93 01 00 01
0x00007f8e341dc11d:   eb 87 41 b8 ff ff ff ff eb 9b 41 83 c8 ff 44 89
0x00007f8e341dc12d:   c0 c3 90 f3 0f 1e fa eb 1d 66 2e 0f 1f 84 00 00
0x00007f8e341dc13d:   00 00 00 0f b6 16 84 d2 74 13 38 c2 75 15 48 83
0x00007f8e341dc14d:   c7 01 48 83 c6 01 0f b6 07 84 c0 75 e6 48 89 f8
0x00007f8e341dc15d:   c3 66 90 31 c0 c3 90 66 66 2e 0f 1f 84 00 00 00
0x00007f8e341dc16d:   00 00 90 f3 0f 1e fa 48 85 f6 74 51 0f b6 06 84
0x00007f8e341dc17d:   c0 74 4a 0f b6 d0 83 e0 07 c1 fa 03 44 8d 50 01
0x00007f8e341dc18d:   0f b6 c0 41 89 d1 4c 8d 44 06 02 48 8d 56 01 31
0x00007f8e341dc19d:   c0 66 90 0f b6 0a 48 c1 e0 08 48 83 c2 01 48 09 


Stack slot to memory mapping:
stack at sp + 0 slots: 0x0 is NULL
stack at sp + 1 slots: 0x00007f8e10507338 is pointing into the stack for thread: 0x00007f8e30130800
stack at sp + 2 slots: 0x00007f8e300098b0 points into unknown readable memory: 0x00007f8dd000e9c0 | c0 e9 00 d0 8d 7f 00 00
stack at sp + 3 slots: 0x00007f8e105062a0 is pointing into the stack for thread: 0x00007f8e30130800
stack at sp + 4 slots: 0x00007f8e10506280 is pointing into the stack for thread: 0x00007f8e30130800
stack at sp + 5 slots: 0x00007f8e341dcda2: <offset 0x0000000000003da2> in /usr/lib/jvm/java-11-openjdk-amd64/lib/libjimage.so at 0x00007f8e341d9000
stack at sp + 6 slots: 0x0 is NULL
stack at sp + 7 slots: 0x0 is NULL


---------------  P R O C E S S  ---------------

Threads class SMR info:
_java_thread_list=0x00007f8dc8004c00, length=15, elements={
0x00007f8e30018800, 0x00007f8e30129000, 0x00007f8e3012b000, 0x00007f8e30130800,
0x00007f8e30132800, 0x00007f8e30134800, 0x00007f8e30136800, 0x00007f8e30138800,
0x00007f8e30156800, 0x00007f8e301a8800, 0x00007f8e301ac800, 0x00007f8e30690000,
0x00007f8dc400e800, 0x00007f8dc4012800, 0x00007f8dc4013000
}

Java Threads: ( => current thread )
  0x00007f8e30018800 JavaThread "main" [_thread_blocked, id=7618, stack(0x00007f8e3421b000,0x00007f8e3431c000)]
  0x00007f8e30129000 JavaThread "Reference Handler" daemon [_thread_blocked, id=7625, stack(0x00007f8e10b7a000,0x00007f8e10c7b000)]
  0x00007f8e3012b000 JavaThread "Finalizer" daemon [_thread_blocked, id=7626, stack(0x00007f8e10a79000,0x00007f8e10b7a000)]
=>0x00007f8e30130800 JavaThread "Signal Dispatcher" daemon [_thread_in_vm, id=7627, stack(0x00007f8e10408000,0x00007f8e10509000)]
  0x00007f8e30132800 JavaThread "Service Thread" daemon [_thread_blocked, id=7628, stack(0x00007f8e10307000,0x00007f8e10408000)]
  0x00007f8e30134800 JavaThread "C2 CompilerThread0" daemon [_thread_blocked, id=7629, stack(0x00007f8e10206000,0x00007f8e10307000)]
  0x00007f8e30136800 JavaThread "C1 CompilerThread0" daemon [_thread_blocked, id=7630, stack(0x00007f8e10105000,0x00007f8e10206000)]
  0x00007f8e30138800 JavaThread "Sweeper thread" daemon [_thread_blocked, id=7631, stack(0x00007f8e10004000,0x00007f8e10105000)]
  0x00007f8e30156800 JavaThread "Common-Cleaner" daemon [_thread_blocked, id=7632, stack(0x00007f8e09eff000,0x00007f8e0a000000)]
  0x00007f8e301a8800 JavaThread "JDWP Transport Listener: dt_socket" daemon [_thread_in_native, id=7634, stack(0x00007f8e09dfe000,0x00007f8e09eff000)]
  0x00007f8e301ac800 JavaThread "JDWP Event Helper Thread" daemon [_thread_blocked, id=7635, stack(0x00007f8e09cfd000,0x00007f8e09dfe000)]
  0x00007f8e30690000 JavaThread "Exec Default Executor" daemon [_thread_blocked, id=7651, stack(0x00007f8e098f7000,0x00007f8e099f8000)]
  0x00007f8dc400e800 JavaThread "process reaper" daemon [_thread_in_native, id=7653, stack(0x00007f8e18005000,0x00007f8e18027000)]
  0x00007f8dc4012800 JavaThread "Exec Stream Pumper" daemon [_thread_in_native, id=7654, stack(0x00007f8e097f6000,0x00007f8e098f7000)]
  0x00007f8dc4013000 JavaThread "Exec Stream Pumper" daemon [_thread_in_native, id=7655, stack(0x00007f8e096f5000,0x00007f8e097f6000)]

Other Threads:
  0x00007f8e30126000 VMThread "VM Thread" [stack: 0x00007f8e10c7d000,0x00007f8e10d7d000] [id=7624]
  0x00007f8e303db800 WatcherThread [stack: 0x00007f8e09afc000,0x00007f8e09bfc000] [id=7647]
  0x00007f8e30030800 GCTaskThread "GC Thread#0" [stack: 0x00007f8e186a6000,0x00007f8e187a6000] [id=7619]
  0x00007f8dfc001000 GCTaskThread "GC Thread#1" [stack: 0x00007f8e099fa000,0x00007f8e09afa000] [id=7650]
  0x00007f8e3004b000 ConcurrentGCThread "G1 Main Marker" [stack: 0x00007f8e11d0a000,0x00007f8e11e0a000] [id=7620]
  0x00007f8e3004d000 ConcurrentGCThread "G1 Conc#0" [stack: 0x00007f8e11c08000,0x00007f8e11d08000] [id=7621]
  0x00007f8e30090800 ConcurrentGCThread "G1 Refine#0" [stack: 0x00007f8e11702000,0x00007f8e11802000] [id=7622]
  0x00007f8e30092800 ConcurrentGCThread "G1 Young RemSet Sampling" [stack: 0x00007f8e11600000,0x00007f8e11700000] [id=7623]

Threads with active compile tasks:

VM state:not at safepoint (normal execution)

VM Mutex/Monitor currently owned by a thread: None

Heap address: 0x00000000c3a00000, size: 966 MB, Compressed Oops mode: 32-bit
Narrow klass base: 0x0000000800000000, Narrow klass shift: 3
Compressed class space size: 1073741824 Address: 0x0000000840000000

Heap:
 garbage-first heap   total 65536K, used 32789K [0x00000000c3a00000, 0x0000000100000000)
  region size 1024K, 32 young (32768K), 5 survivors (5120K)
 Metaspace       used 11368K, capacity 11807K, committed 12032K, reserved 1060864K
  class space    used 1380K, capacity 1525K, committed 1536K, reserved 1048576K
Heap Regions: E=young(eden), S=young(survivor), O=old, HS=humongous(starts), HC=humongous(continues), CS=collection set, F=free, A=archive, TAMS=top-at-mark-start (previous, next)
|   0|0x00000000c3a00000, 0x00000000c3aa1e00, 0x00000000c3b00000| 63%| O|  |TAMS 0x00000000c3a00000, 0x00000000c3a00000| Untracked 
|   1|0x00000000c3b00000, 0x00000000c3b00000, 0x00000000c3c00000|  0%| F|  |TAMS 0x00000000c3b00000, 0x00000000c3b00000| Untracked 
|   2|0x00000000c3c00000, 0x00000000c3c00000, 0x00000000c3d00000|  0%| F|  |TAMS 0x00000000c3c00000, 0x00000000c3c00000| Untracked 
|   3|0x00000000c3d00000, 0x00000000c3d00000, 0x00000000c3e00000|  0%| F|  |TAMS 0x00000000c3d00000, 0x00000000c3d00000| Untracked 
|   4|0x00000000c3e00000, 0x00000000c3e00000, 0x00000000c3f00000|  0%| F|  |TAMS 0x00000000c3e00000, 0x00000000c3e00000| Untracked 
|   5|0x00000000c3f00000, 0x00000000c3f00000, 0x00000000c4000000|  0%| F|  |TAMS 0x00000000c3f00000, 0x00000000c3f00000| Untracked 
|   6|0x00000000c4000000, 0x00000000c4000000, 0x00000000c4100000|  0%| F|  |TAMS 0x00000000c4000000, 0x00000000c4000000| Untracked 
|   7|0x00000000c4100000, 0x00000000c4100000, 0x00000000c4200000|  0%| F|  |TAMS 0x00000000c4100000, 0x00000000c4100000| Untracked 
|   8|0x00000000c4200000, 0x00000000c4200000, 0x00000000c4300000|  0%| F|  |TAMS 0x00000000c4200000, 0x00000000c4200000| Untracked 
|   9|0x00000000c4300000, 0x00000000c4300000, 0x00000000c4400000|  0%| F|  |TAMS 0x00000000c4300000, 0x00000000c4300000| Untracked 
|  10|0x00000000c4400000, 0x00000000c4400000, 0x00000000c4500000|  0%| F|  |TAMS 0x00000000c4400000, 0x00000000c4400000| Untracked 
|  11|0x00000000c4500000, 0x00000000c4500000, 0x00000000c4600000|  0%| F|  |TAMS 0x00000000c4500000, 0x00000000c4500000| Untracked 
|  12|0x00000000c4600000, 0x00000000c4600000, 0x00000000c4700000|  0%| F|  |TAMS 0x00000000c4600000, 0x00000000c4600000| Untracked 
|  13|0x00000000c4700000, 0x00000000c4700000, 0x00000000c4800000|  0%| F|  |TAMS 0x00000000c4700000, 0x00000000c4700000| Untracked 
|  14|0x00000000c4800000, 0x00000000c4800000, 0x00000000c4900000|  0%| F|  |TAMS 0x00000000c4800000, 0x00000000c4800000| Untracked 
|  15|0x00000000c4900000, 0x00000000c4900000, 0x00000000c4a00000|  0%| F|  |TAMS 0x00000000c4900000, 0x00000000c4900000| Untracked 
|  16|0x00000000c4a00000, 0x00000000c4a00000, 0x00000000c4b00000|  0%| F|  |TAMS 0x00000000c4a00000, 0x00000000c4a00000| Untracked 
|  17|0x00000000c4b00000, 0x00000000c4b00000, 0x00000000c4c00000|  0%| F|  |TAMS 0x00000000c4b00000, 0x00000000c4b00000| Untracked 
|  18|0x00000000c4c00000, 0x00000000c4c00000, 0x00000000c4d00000|  0%| F|  |TAMS 0x00000000c4c00000, 0x00000000c4c00000| Untracked 
|  19|0x00000000c4d00000, 0x00000000c4d00000, 0x00000000c4e00000|  0%| F|  |TAMS 0x00000000c4d00000, 0x00000000c4d00000| Untracked 
|  20|0x00000000c4e00000, 0x00000000c4eb1940, 0x00000000c4f00000| 69%| S|CS|TAMS 0x00000000c4e00000, 0x00000000c4e00000| Complete 
|  21|0x00000000c4f00000, 0x00000000c5000000, 0x00000000c5000000|100%| S|CS|TAMS 0x00000000c4f00000, 0x00000000c4f00000| Complete 
|  22|0x00000000c5000000, 0x00000000c5100000, 0x00000000c5100000|100%| S|CS|TAMS 0x00000000c5000000, 0x00000000c5000000| Complete 
|  23|0x00000000c5100000, 0x00000000c5200000, 0x00000000c5200000|100%| S|CS|TAMS 0x00000000c5100000, 0x00000000c5100000| Complete 
|  24|0x00000000c5200000, 0x00000000c5300000, 0x00000000c5300000|100%| S|CS|TAMS 0x00000000c5200000, 0x00000000c5200000| Complete 
|  25|0x00000000c5300000, 0x00000000c5300000, 0x00000000c5400000|  0%| F|  |TAMS 0x00000000c5300000, 0x00000000c5300000| Untracked 
|  26|0x00000000c5400000, 0x00000000c5400000, 0x00000000c5500000|  0%| F|  |TAMS 0x00000000c5400000, 0x00000000c5400000| Untracked 
|  27|0x00000000c5500000, 0x00000000c5500000, 0x00000000c5600000|  0%| F|  |TAMS 0x00000000c5500000, 0x00000000c5500000| Untracked 
|  28|0x00000000c5600000, 0x00000000c5600000, 0x00000000c5700000|  0%| F|  |TAMS 0x00000000c5600000, 0x00000000c5600000| Untracked 
|  29|0x00000000c5700000, 0x00000000c5700000, 0x00000000c5800000|  0%| F|  |TAMS 0x00000000c5700000, 0x00000000c5700000| Untracked 
|  30|0x00000000c5800000, 0x00000000c5800000, 0x00000000c5900000|  0%| F|  |TAMS 0x00000000c5800000, 0x00000000c5800000| Untracked 
|  31|0x00000000c5900000, 0x00000000c5900000, 0x00000000c5a00000|  0%| F|  |TAMS 0x00000000c5900000, 0x00000000c5900000| Untracked 
|  32|0x00000000c5a00000, 0x00000000c5a00000, 0x00000000c5b00000|  0%| F|  |TAMS 0x00000000c5a00000, 0x00000000c5a00000| Untracked 
|  33|0x00000000c5b00000, 0x00000000c5b00000, 0x00000000c5c00000|  0%| F|  |TAMS 0x00000000c5b00000, 0x00000000c5b00000| Untracked 
|  34|0x00000000c5c00000, 0x00000000c5c00000, 0x00000000c5d00000|  0%| F|  |TAMS 0x00000000c5c00000, 0x00000000c5c00000| Untracked 
|  35|0x00000000c5d00000, 0x00000000c5d80800, 0x00000000c5e00000| 50%| E|  |TAMS 0x00000000c5d00000, 0x00000000c5d00000| Complete 
|  36|0x00000000c5e00000, 0x00000000c5f00000, 0x00000000c5f00000|100%| E|CS|TAMS 0x00000000c5e00000, 0x00000000c5e00000| Complete 
|  37|0x00000000c5f00000, 0x00000000c6000000, 0x00000000c6000000|100%| E|CS|TAMS 0x00000000c5f00000, 0x00000000c5f00000| Complete 
|  38|0x00000000c6000000, 0x00000000c6100000, 0x00000000c6100000|100%| E|CS|TAMS 0x00000000c6000000, 0x00000000c6000000| Complete 
|  39|0x00000000c6100000, 0x00000000c6200000, 0x00000000c6200000|100%| E|CS|TAMS 0x00000000c6100000, 0x00000000c6100000| Complete 
|  40|0x00000000c6200000, 0x00000000c6300000, 0x00000000c6300000|100%| E|CS|TAMS 0x00000000c6200000, 0x00000000c6200000| Complete 
|  41|0x00000000c6300000, 0x00000000c6400000, 0x00000000c6400000|100%| E|CS|TAMS 0x00000000c6300000, 0x00000000c6300000| Complete 
|  42|0x00000000c6400000, 0x00000000c6500000, 0x00000000c6500000|100%| E|CS|TAMS 0x00000000c6400000, 0x00000000c6400000| Complete 
|  43|0x00000000c6500000, 0x00000000c6600000, 0x00000000c6600000|100%| E|CS|TAMS 0x00000000c6500000, 0x00000000c6500000| Complete 
|  44|0x00000000c6600000, 0x00000000c6700000, 0x00000000c6700000|100%| E|CS|TAMS 0x00000000c6600000, 0x00000000c6600000| Complete 
|  45|0x00000000c6700000, 0x00000000c6800000, 0x00000000c6800000|100%| E|CS|TAMS 0x00000000c6700000, 0x00000000c6700000| Complete 
|  46|0x00000000c6800000, 0x00000000c6900000, 0x00000000c6900000|100%| E|CS|TAMS 0x00000000c6800000, 0x00000000c6800000| Complete 
|  47|0x00000000c6900000, 0x00000000c6a00000, 0x00000000c6a00000|100%| E|CS|TAMS 0x00000000c6900000, 0x00000000c6900000| Complete 
|  48|0x00000000c6a00000, 0x00000000c6b00000, 0x00000000c6b00000|100%| E|CS|TAMS 0x00000000c6a00000, 0x00000000c6a00000| Complete 
|  49|0x00000000c6b00000, 0x00000000c6c00000, 0x00000000c6c00000|100%| E|CS|TAMS 0x00000000c6b00000, 0x00000000c6b00000| Complete 
|  50|0x00000000c6c00000, 0x00000000c6d00000, 0x00000000c6d00000|100%| E|CS|TAMS 0x00000000c6c00000, 0x00000000c6c00000| Complete 
|  51|0x00000000c6d00000, 0x00000000c6e00000, 0x00000000c6e00000|100%| E|CS|TAMS 0x00000000c6d00000, 0x00000000c6d00000| Complete 
|  52|0x00000000c6e00000, 0x00000000c6f00000, 0x00000000c6f00000|100%| E|CS|TAMS 0x00000000c6e00000, 0x00000000c6e00000| Complete 
|  53|0x00000000c6f00000, 0x00000000c7000000, 0x00000000c7000000|100%| E|CS|TAMS 0x00000000c6f00000, 0x00000000c6f00000| Complete 
|  54|0x00000000c7000000, 0x00000000c7100000, 0x00000000c7100000|100%| E|CS|TAMS 0x00000000c7000000, 0x00000000c7000000| Complete 
|  55|0x00000000c7100000, 0x00000000c7200000, 0x00000000c7200000|100%| E|CS|TAMS 0x00000000c7100000, 0x00000000c7100000| Complete 
|  56|0x00000000c7200000, 0x00000000c7300000, 0x00000000c7300000|100%| E|CS|TAMS 0x00000000c7200000, 0x00000000c7200000| Complete 
|  57|0x00000000c7300000, 0x00000000c7400000, 0x00000000c7400000|100%| E|CS|TAMS 0x00000000c7300000, 0x00000000c7300000| Complete 
|  58|0x00000000c7400000, 0x00000000c7500000, 0x00000000c7500000|100%| E|CS|TAMS 0x00000000c7400000, 0x00000000c7400000| Complete 
|  59|0x00000000c7500000, 0x00000000c7600000, 0x00000000c7600000|100%| E|CS|TAMS 0x00000000c7500000, 0x00000000c7500000| Complete 
|  60|0x00000000c7600000, 0x00000000c7700000, 0x00000000c7700000|100%| E|CS|TAMS 0x00000000c7600000, 0x00000000c7600000| Complete 
|  61|0x00000000c7700000, 0x00000000c7800000, 0x00000000c7800000|100%| E|CS|TAMS 0x00000000c7700000, 0x00000000c7700000| Complete 
| 964|0x00000000ffe00000, 0x00000000ffe47000, 0x00000000fff00000| 27%|OA|  |TAMS 0x00000000ffe00000, 0x00000000ffe00000| Untracked 
| 965|0x00000000fff00000, 0x00000000fff6b000, 0x0000000100000000| 41%|CA|  |TAMS 0x00000000fff00000, 0x00000000fff00000| Untracked 

Card table byte_map: [0x00007f8e13e1d000,0x00007f8e14000000] _byte_map_base: 0x00007f8e13800000

Marking Bits (Prev, Next): (CMBitMap*) 0x00007f8e300468e8, (CMBitMap*) 0x00007f8e30046920
 Prev Bits: [0x00007f8e12d22000, 0x00007f8e13c3a000)
 Next Bits: [0x00007f8e11e0a000, 0x00007f8e12d22000)

Polling page: 0x00007f8e341d7000

Metaspace:

Usage:
  Non-class:     10.04 MB capacity,     9.75 MB ( 97%) used,   261.30 KB (  3%) free+waste,    32.50 KB ( <1%) overhead. 
      Class:      1.49 MB capacity,     1.35 MB ( 91%) used,   128.13 KB (  8%) free+waste,    16.38 KB (  1%) overhead. 
       Both:     11.53 MB capacity,    11.10 MB ( 96%) used,   389.44 KB (  3%) free+waste,    48.88 KB ( <1%) overhead. 

Virtual space:
  Non-class space:       12.00 MB reserved,      10.25 MB ( 85%) committed 
      Class space:        1.00 GB reserved,       1.50 MB ( <1%) committed 
             Both:        1.01 GB reserved,      11.75 MB (  1%) committed 

Chunk freelists:
   Non-Class:  74.00 KB
       Class:  0 bytes
        Both:  74.00 KB

MaxMetaspaceSize: unlimited
CompressedClassSpaceSize: 1.00 GB

CodeHeap 'non-profiled nmethods': size=120032Kb used=1419Kb max_used=1419Kb free=118612Kb
 bounds [0x00007f8e20359000, 0x00007f8e205c9000, 0x00007f8e27891000]
CodeHeap 'profiled nmethods': size=120032Kb used=3922Kb max_used=3922Kb free=116110Kb
 bounds [0x00007f8e18e21000, 0x00007f8e19201000, 0x00007f8e20359000]
CodeHeap 'non-nmethods': size=5696Kb used=1193Kb max_used=1320Kb free=4502Kb
 bounds [0x00007f8e18891000, 0x00007f8e18b01000, 0x00007f8e18e21000]
 total_blobs=2178 nmethods=1717 adapters=382
 compilation: enabled
              stopped_count=0, restarted_count=0
 full_count=0

Compilation events (20 events):
Event: 40.754 Thread 0x00007f8e30136800 nmethod 1732 0x00007f8e204b9590 code [0x00007f8e204b9740, 0x00007f8e204b9810]
Event: 40.755 Thread 0x00007f8e30136800 1735       3       java.util.HashMap::isEmpty (13 bytes)
Event: 40.755 Thread 0x00007f8e30136800 nmethod 1735 0x00007f8e191f4810 code [0x00007f8e191f49c0, 0x00007f8e191f4b30]
Event: 40.755 Thread 0x00007f8e30136800 1736       1       java.net.URI::getScheme (5 bytes)
Event: 40.755 Thread 0x00007f8e30136800 nmethod 1736 0x00007f8e204b9890 code [0x00007f8e204b9a40, 0x00007f8e204b9b10]
Event: 40.790 Thread 0x00007f8e30134800 nmethod 1718 0x00007f8e204b9b90 code [0x00007f8e204b9d60, 0x00007f8e204ba138]
Event: 40.790 Thread 0x00007f8e30134800 1719       4       java.util.regex.Matcher::search (154 bytes)
Event: 40.800 Thread 0x00007f8e30134800 nmethod 1719 0x00007f8e204ba390 code [0x00007f8e204ba580, 0x00007f8e204baab8]
Event: 40.800 Thread 0x00007f8e30134800 1734       4       java.lang.String::toString (2 bytes)
Event: 40.800 Thread 0x00007f8e30134800 nmethod 1734 0x00007f8e204bad90 code [0x00007f8e204baf20, 0x00007f8e204baf98]
Event: 40.800 Thread 0x00007f8e30134800 1715       4       java.util.regex.Pattern$GroupHead::match (47 bytes)
Event: 40.802 Thread 0x00007f8e30134800 nmethod 1715 0x00007f8e204bb010 code [0x00007f8e204bb1c0, 0x00007f8e204bb3f8]
Event: 41.185 Thread 0x00007f8e30136800 1737       1       java.util.concurrent.atomic.AtomicReference::get (5 bytes)
Event: 41.185 Thread 0x00007f8e30136800 nmethod 1737 0x00007f8e204bb590 code [0x00007f8e204bb740, 0x00007f8e204bb810]
Event: 41.185 Thread 0x00007f8e30136800 1738       3       org.apache.http.protocol.HTTP::isWhitespace (30 bytes)
Event: 41.185 Thread 0x00007f8e30136800 nmethod 1738 0x00007f8e191f4b90 code [0x00007f8e191f4d40, 0x00007f8e191f4f10]
Event: 41.186 Thread 0x00007f8e30136800 1739       3       com.google.common.collect.Iterators$11::hasNext (13 bytes)
Event: 41.187 Thread 0x00007f8e30136800 nmethod 1739 0x00007f8e191f4f90 code [0x00007f8e191f5140, 0x00007f8e191f52b0]
Event: 56.808 Thread 0x00007f8e30136800 1740       3       java.lang.StringBuilder::append (6 bytes)
Event: 56.808 Thread 0x00007f8e30136800 nmethod 1740 0x00007f8e191f5390 code [0x00007f8e191f5560, 0x00007f8e191f5720]

GC Heap History (4 events):
Event: 4.596 GC heap before
{Heap before GC invocations=0 (full 0):
 garbage-first heap   total 65536K, used 14024K [0x00000000c3a00000, 0x0000000100000000)
  region size 1024K, 14 young (14336K), 0 survivors (0K)
 Metaspace       used 4116K, capacity 5587K, committed 5760K, reserved 1056768K
  class space    used 410K, capacity 563K, committed 640K, reserved 1048576K
}
Event: 4.607 GC heap after
{Heap after GC invocations=1 (full 0):
 garbage-first heap   total 65536K, used 3407K [0x00000000c3a00000, 0x0000000100000000)
  region size 1024K, 2 young (2048K), 2 survivors (2048K)
 Metaspace       used 4116K, capacity 5587K, committed 5760K, reserved 1056768K
  class space    used 410K, capacity 563K, committed 640K, reserved 1048576K
}
Event: 7.417 GC heap before
{Heap before GC invocations=1 (full 0):
 garbage-first heap   total 65536K, used 39247K [0x00000000c3a00000, 0x0000000100000000)
  region size 1024K, 37 young (37888K), 2 survivors (2048K)
 Metaspace       used 8590K, capacity 8842K, committed 9088K, reserved 1056768K
  class space    used 973K, capacity 1047K, committed 1152K, reserved 1048576K
}
Event: 7.431 GC heap after
{Heap after GC invocations=2 (full 0):
 garbage-first heap   total 65536K, used 6165K [0x00000000c3a00000, 0x0000000100000000)
  region size 1024K, 5 young (5120K), 5 survivors (5120K)
 Metaspace       used 8590K, capacity 8842K, committed 9088K, reserved 1056768K
  class space    used 973K, capacity 1047K, committed 1152K, reserved 1048576K
}

Deoptimization events (20 events):
Event: 37.442 Thread 0x00007f8e30018800 DEOPT PACKING pc=0x00007f8e1906345c sp=0x00007f8e34319ff0
Event: 37.442 Thread 0x00007f8e30018800 DEOPT UNPACKING pc=0x00007f8e188c853a sp=0x00007f8e34319518 mode 1
Event: 37.669 Thread 0x00007f8e30018800 DEOPT PACKING pc=0x00007f8e1911b037 sp=0x00007f8e34316310
Event: 37.669 Thread 0x00007f8e30018800 DEOPT UNPACKING pc=0x00007f8e188c853a sp=0x00007f8e34315ab0 mode 0
Event: 37.774 Thread 0x00007f8e30018800 DEOPT PACKING pc=0x00007f8e1906345c sp=0x00007f8e3431a010
Event: 37.774 Thread 0x00007f8e30018800 DEOPT UNPACKING pc=0x00007f8e188c853a sp=0x00007f8e34319538 mode 1
Event: 40.671 Thread 0x00007f8e30018800 DEOPT PACKING pc=0x00007f8e1906345c sp=0x00007f8e3431a010
Event: 40.671 Thread 0x00007f8e30018800 DEOPT UNPACKING pc=0x00007f8e188c853a sp=0x00007f8e34319538 mode 1
Event: 40.680 Thread 0x00007f8e30018800 DEOPT PACKING pc=0x00007f8e1906345c sp=0x00007f8e34319f10
Event: 40.681 Thread 0x00007f8e30018800 DEOPT UNPACKING pc=0x00007f8e188c853a sp=0x00007f8e34319438 mode 1
Event: 40.723 Thread 0x00007f8e30018800 DEOPT PACKING pc=0x00007f8e1906345c sp=0x00007f8e34319f10
Event: 40.723 Thread 0x00007f8e30018800 DEOPT UNPACKING pc=0x00007f8e188c853a sp=0x00007f8e34319438 mode 1
Event: 40.730 Thread 0x00007f8e30018800 DEOPT PACKING pc=0x00007f8e1906345c sp=0x00007f8e34319ea0
Event: 40.730 Thread 0x00007f8e30018800 DEOPT UNPACKING pc=0x00007f8e188c853a sp=0x00007f8e343193c8 mode 1
Event: 40.753 Thread 0x00007f8e30018800 DEOPT PACKING pc=0x00007f8e1906345c sp=0x00007f8e34319ea0
Event: 40.753 Thread 0x00007f8e30018800 DEOPT UNPACKING pc=0x00007f8e188c853a sp=0x00007f8e343193c8 mode 1
Event: 40.755 Thread 0x00007f8e30018800 DEOPT PACKING pc=0x00007f8e1906345c sp=0x00007f8e3431a010
Event: 40.755 Thread 0x00007f8e30018800 DEOPT UNPACKING pc=0x00007f8e188c853a sp=0x00007f8e34319538 mode 1
Event: 41.186 Thread 0x00007f8e30018800 DEOPT PACKING pc=0x00007f8e1906345c sp=0x00007f8e3431a010
Event: 41.186 Thread 0x00007f8e30018800 DEOPT UNPACKING pc=0x00007f8e188c853a sp=0x00007f8e34319538 mode 1

Classes redefined (0 events):
No events

Internal exceptions (20 events):
Event: 6.952 Thread 0x00007f8e30699000 Exception <a 'java/net/ConnectException'{0x00000000c57e2848}> (0x00000000c57e2848) thrown at [src/hotspot/share/prims/jni.cpp, line 615]
Event: 6.993 Thread 0x00007f8e30699000 Exception <a 'java/net/ConnectException'{0x00000000c57e3850}> (0x00000000c57e3850) thrown at [src/hotspot/share/prims/jni.cpp, line 615]
Event: 7.074 Thread 0x00007f8e30699000 Exception <a 'java/net/ConnectException'{0x00000000c57e4858}> (0x00000000c57e4858) thrown at [src/hotspot/share/prims/jni.cpp, line 615]
Event: 7.353 Thread 0x00007f8e30018800 Exception <a 'java/lang/NoSuchMethodError'{0x00000000c55506e0}: 'java.lang.Object java.lang.invoke.DirectMethodHandle$Holder.invokeInterface(java.lang.Object, java.lang.Object, java.lang.Object)'> (0x00000000c55506e0) thrown at [src/hotspot/share/interpreter/linkResolver.cpp, line 772]
Event: 7.353 Thread 0x00007f8e30018800 Exception <a 'java/lang/IncompatibleClassChangeError'{0x00000000c55537d0}: Found class java.lang.Object, but interface was expected> (0x00000000c55537d0) thrown at [src/hotspot/share/interpreter/linkResolver.cpp, line 839]
Event: 7.369 Thread 0x00007f8e30018800 Exception <a 'java/lang/NoSuchMethodError'{0x00000000c555cbc0}: 'int java.lang.invoke.DirectMethodHandle$Holder.invokeSpecialIFC(java.lang.Object, java.lang.Object, java.lang.Object, java.lang.Object)'> (0x00000000c555cbc0) thrown at [src/hotspot/share/interpreter/linkResolver.cpp, line 772]
Event: 7.649 Thread 0x00007f8e30018800 Exception <a 'java/lang/NoSuchMethodError'{0x00000000c736b330}: 'java.lang.Object java.lang.invoke.DirectMethodHandle$Holder.invokeVirtual(java.lang.Object, java.lang.Object, java.lang.Object)'> (0x00000000c736b330) thrown at [src/hotspot/share/interpreter/linkResolver.cpp, line 772]
Event: 23.004 Thread 0x00007f8e30018800 Exception <a 'java/lang/ClassNotFoundException'{0x00000000c62b00f8}: sun/util/logging/resources/spi/loggingProvider> (0x00000000c62b00f8) thrown at [src/hotspot/share/classfile/systemDictionary.cpp, line 231]
Event: 23.651 Thread 0x00007f8e30018800 Exception <a 'java/net/SocketTimeoutException'{0x00000000c60aa410}: Read timed out> (0x00000000c60aa410) thrown at [src/hotspot/share/prims/jni.cpp, line 636]
Event: 23.768 Thread 0x00007f8e30018800 Exception <a 'java/net/SocketTimeoutException'{0x00000000c60e3a90}: Read timed out> (0x00000000c60e3a90) thrown at [src/hotspot/share/prims/jni.cpp, line 636]
Event: 35.344 Thread 0x00007f8e30018800 Exception <a 'java/net/SocketTimeoutException'{0x00000000c5f42708}: Read timed out> (0x00000000c5f42708) thrown at [src/hotspot/share/prims/jni.cpp, line 636]
Event: 36.921 Thread 0x00007f8e30018800 Exception <a 'java/net/SocketTimeoutException'{0x00000000c5fbf7d8}: Read timed out> (0x00000000c5fbf7d8) thrown at [src/hotspot/share/prims/jni.cpp, line 636]
Event: 37.776 Thread 0x00007f8e30018800 Exception <a 'java/net/SocketTimeoutException'{0x00000000c5e436b0}: Read timed out> (0x00000000c5e436b0) thrown at [src/hotspot/share/prims/jni.cpp, line 636]
Event: 40.685 Thread 0x00007f8e30018800 Exception <a 'java/net/SocketTimeoutException'{0x00000000c5e51c30}: Read timed out> (0x00000000c5e51c30) thrown at [src/hotspot/share/prims/jni.cpp, line 636]
Event: 40.732 Thread 0x00007f8e30018800 Exception <a 'java/net/SocketTimeoutException'{0x00000000c5e83820}: Read timed out> (0x00000000c5e83820) thrown at [src/hotspot/share/prims/jni.cpp, line 636]
Event: 40.756 Thread 0x00007f8e30018800 Exception <a 'java/net/SocketTimeoutException'{0x00000000c5e94638}: Read timed out> (0x00000000c5e94638) thrown at [src/hotspot/share/prims/jni.cpp, line 636]
Event: 143.870 Thread 0x00007f8e30018800 Exception <a 'java/net/SocketTimeoutException'{0x00000000c5ea3858}: Read timed out> (0x00000000c5ea3858) thrown at [src/hotspot/share/prims/jni.cpp, line 636]
Event: 143.874 Thread 0x00007f8e30018800 Exception <a 'java/net/SocketTimeoutException'{0x00000000c5ea3bb0}: Read timed out> (0x00000000c5ea3bb0) thrown at [src/hotspot/share/prims/jni.cpp, line 636]
Event: 144.080 Thread 0x00007f8e30018800 Exception <a 'java/lang/NoSuchMethodError'{0x00000000c5eb02f8}: 'int java.lang.invoke.DirectMethodHandle$Holder.invokeVirtual(java.lang.Object, java.lang.Object)'> (0x00000000c5eb02f8) thrown at [src/hotspot/share/interpreter/linkResolver.cpp, line 772]
Event: 144.533 Thread 0x00007f8e30018800 Exception <a 'java/lang/ClassNotFoundException'{0x00000000c5eecca8}: sun/misc/SharedSecrets> (0x00000000c5eecca8) thrown at [src/hotspot/share/classfile/systemDictionary.cpp, line 231]

Events (20 events):
Event: 145.088 Executing VM operation: GetCurrentContendedMonitor
Event: 145.088 Executing VM operation: GetCurrentContendedMonitor done
Event: 145.103 Executing VM operation: GetFrameLocation
Event: 145.103 Executing VM operation: GetFrameLocation done
Event: 145.103 Executing VM operation: GetOrSetLocal
Event: 145.103 Executing VM operation: GetOrSetLocal done
Event: 145.105 Executing VM operation: GetFrameLocation
Event: 145.105 Executing VM operation: GetFrameLocation done
Event: 145.105 Executing VM operation: GetOrSetLocal
Event: 145.105 Executing VM operation: GetOrSetLocal done
Event: 145.107 Executing VM operation: GetFrameLocation
Event: 145.107 Executing VM operation: GetFrameLocation done
Event: 145.107 Executing VM operation: GetOrSetLocal
Event: 145.107 Executing VM operation: GetOrSetLocal done
Event: 145.108 Executing VM operation: GetFrameLocation
Event: 145.108 Executing VM operation: GetFrameLocation done
Event: 145.108 Executing VM operation: GetOrSetLocal
Event: 145.108 Executing VM operation: GetOrSetLocal done
Event: 286.443 Thread 0x00007f8dd0001800 Thread exited: 0x00007f8dd0001800
Event: 286.460 loading class jdk/internal/misc/Signal$1


Dynamic libraries:
c3a00000-c7800000 rw-p 00000000 00:00 0 
c7800000-ffe00000 ---p 00000000 00:00 0 
ffe00000-ffe47000 rw-p 01111000 08:09 922307                             /usr/lib/jvm/java-11-openjdk-amd64/lib/server/classes.jsa
ffe47000-fff00000 rw-p 00000000 00:00 0 
fff00000-fff6b000 rw-p 010a6000 08:09 922307                             /usr/lib/jvm/java-11-openjdk-amd64/lib/server/classes.jsa
fff6b000-100000000 rw-p 00000000 00:00 0 
800000000-800002000 rwxp 00001000 08:09 922307                           /usr/lib/jvm/java-11-openjdk-amd64/lib/server/classes.jsa
800002000-8010a5000 rw-p 00003000 08:09 922307                           /usr/lib/jvm/java-11-openjdk-amd64/lib/server/classes.jsa
840000000-840180000 rw-p 00000000 00:00 0 
840180000-880000000 ---p 00000000 00:00 0 
55b87bf16000-55b87bf17000 r--p 00000000 08:09 784908                     /usr/lib/jvm/java-11-openjdk-amd64/bin/java
55b87bf17000-55b87bf18000 r-xp 00001000 08:09 784908                     /usr/lib/jvm/java-11-openjdk-amd64/bin/java
55b87bf18000-55b87bf19000 r--p 00002000 08:09 784908                     /usr/lib/jvm/java-11-openjdk-amd64/bin/java
55b87bf19000-55b87bf1a000 r--p 00002000 08:09 784908                     /usr/lib/jvm/java-11-openjdk-amd64/bin/java
55b87bf1a000-55b87bf1b000 rw-p 00003000 08:09 784908                     /usr/lib/jvm/java-11-openjdk-amd64/bin/java
55b87dafd000-55b87db1e000 rw-p 00000000 00:00 0                          [heap]
7f8da8000000-7f8da8021000 rw-p 00000000 00:00 0 
7f8da8021000-7f8dac000000 ---p 00000000 00:00 0 
7f8dac000000-7f8dacbb0000 rw-p 00000000 00:00 0 
7f8dacbb0000-7f8db0000000 ---p 00000000 00:00 0 
7f8db0000000-7f8db0021000 rw-p 00000000 00:00 0 
7f8db0021000-7f8db4000000 ---p 00000000 00:00 0 
7f8db4000000-7f8db4021000 rw-p 00000000 00:00 0 
7f8db4021000-7f8db8000000 ---p 00000000 00:00 0 
7f8db8000000-7f8db8021000 rw-p 00000000 00:00 0 
7f8db8021000-7f8dbc000000 ---p 00000000 00:00 0 
7f8dbc000000-7f8dbc021000 rw-p 00000000 00:00 0 
7f8dbc021000-7f8dc0000000 ---p 00000000 00:00 0 
7f8dc0000000-7f8dc0021000 rw-p 00000000 00:00 0 
7f8dc0021000-7f8dc4000000 ---p 00000000 00:00 0 
7f8dc4000000-7f8dc4021000 rw-p 00000000 00:00 0 
7f8dc4021000-7f8dc8000000 ---p 00000000 00:00 0 
7f8dc8000000-7f8dc8021000 rw-p 00000000 00:00 0 
7f8dc8021000-7f8dcc000000 ---p 00000000 00:00 0 
7f8dcc000000-7f8dcc021000 rw-p 00000000 00:00 0 
7f8dcc021000-7f8dd0000000 ---p 00000000 00:00 0 
7f8dd0000000-7f8dd0021000 rw-p 00000000 00:00 0 
7f8dd0021000-7f8dd4000000 ---p 00000000 00:00 0 
7f8dd4000000-7f8dd4021000 rw-p 00000000 00:00 0 
7f8dd4021000-7f8dd8000000 ---p 00000000 00:00 0 
7f8dd8000000-7f8dd8021000 rw-p 00000000 00:00 0 
7f8dd8021000-7f8ddc000000 ---p 00000000 00:00 0 
7f8ddc000000-7f8ddc021000 rw-p 00000000 00:00 0 
7f8ddc021000-7f8de0000000 ---p 00000000 00:00 0 
7f8de0000000-7f8de3ffd000 rw-p 00000000 00:00 0 
7f8de3ffd000-7f8de4000000 ---p 00000000 00:00 0 
7f8de4000000-7f8de4c91000 rw-p 00000000 00:00 0 
7f8de4c91000-7f8de8000000 ---p 00000000 00:00 0 
7f8de8000000-7f8de8021000 rw-p 00000000 00:00 0 
7f8de8021000-7f8dec000000 ---p 00000000 00:00 0 
7f8dec000000-7f8dec021000 rw-p 00000000 00:00 0 
7f8dec021000-7f8df0000000 ---p 00000000 00:00 0 
7f8df0000000-7f8df0021000 rw-p 00000000 00:00 0 
7f8df0021000-7f8df4000000 ---p 00000000 00:00 0 
7f8df4000000-7f8df4021000 rw-p 00000000 00:00 0 
7f8df4021000-7f8df8000000 ---p 00000000 00:00 0 
7f8df8000000-7f8df8021000 rw-p 00000000 00:00 0 
7f8df8021000-7f8dfc000000 ---p 00000000 00:00 0 
7f8dfc000000-7f8dfc021000 rw-p 00000000 00:00 0 
7f8dfc021000-7f8e00000000 ---p 00000000 00:00 0 
7f8e00000000-7f8e00021000 rw-p 00000000 00:00 0 
7f8e00021000-7f8e04000000 ---p 00000000 00:00 0 
7f8e04000000-7f8e04021000 rw-p 00000000 00:00 0 
7f8e04021000-7f8e08000000 ---p 00000000 00:00 0 
7f8e090f3000-7f8e09133000 rw-p 00000000 00:00 0 
7f8e09133000-7f8e092f3000 ---p 00000000 00:00 0 
7f8e092f3000-7f8e094f3000 rw-p 00000000 00:00 0 
7f8e094f3000-7f8e094f7000 ---p 00000000 00:00 0 
7f8e094f7000-7f8e095f4000 rw-p 00000000 00:00 0 
7f8e095f4000-7f8e095f8000 ---p 00000000 00:00 0 
7f8e095f8000-7f8e096f5000 rw-p 00000000 00:00 0 
7f8e096f5000-7f8e096f9000 ---p 00000000 00:00 0 
7f8e096f9000-7f8e097f6000 rw-p 00000000 00:00 0 
7f8e097f6000-7f8e097fa000 ---p 00000000 00:00 0 
7f8e097fa000-7f8e098f7000 rw-p 00000000 00:00 0 
7f8e098f7000-7f8e098fb000 ---p 00000000 00:00 0 
7f8e098fb000-7f8e099f8000 rw-p 00000000 00:00 0 
7f8e099f8000-7f8e099f9000 ---p 00000000 00:00 0 
7f8e099f9000-7f8e09afa000 rw-p 00000000 00:00 0 
7f8e09afa000-7f8e09afb000 ---p 00000000 00:00 0 
7f8e09afb000-7f8e09bfc000 rw-p 00000000 00:00 0 
7f8e09bfc000-7f8e09c00000 ---p 00000000 00:00 0 
7f8e09c00000-7f8e09cfd000 rw-p 00000000 00:00 0 
7f8e09cfd000-7f8e09d01000 ---p 00000000 00:00 0 
7f8e09d01000-7f8e09dfe000 rw-p 00000000 00:00 0 
7f8e09dfe000-7f8e09e02000 ---p 00000000 00:00 0 
7f8e09e02000-7f8e09eff000 rw-p 00000000 00:00 0 
7f8e09eff000-7f8e09f03000 ---p 00000000 00:00 0 
7f8e09f03000-7f8e0c000000 rw-p 00000000 00:00 0 
7f8e0c000000-7f8e0c021000 rw-p 00000000 00:00 0 
7f8e0c021000-7f8e10000000 ---p 00000000 00:00 0 
7f8e10004000-7f8e10008000 ---p 00000000 00:00 0 
7f8e10008000-7f8e10105000 rw-p 00000000 00:00 0 
7f8e10105000-7f8e10109000 ---p 00000000 00:00 0 
7f8e10109000-7f8e10206000 rw-p 00000000 00:00 0 
7f8e10206000-7f8e1020a000 ---p 00000000 00:00 0 
7f8e1020a000-7f8e10307000 rw-p 00000000 00:00 0 
7f8e10307000-7f8e1030b000 ---p 00000000 00:00 0 
7f8e1030b000-7f8e10408000 rw-p 00000000 00:00 0 
7f8e10408000-7f8e1040c000 ---p 00000000 00:00 0 
7f8e1040c000-7f8e10509000 rw-p 00000000 00:00 0 
7f8e10509000-7f8e10a79000 r--p 00000000 08:09 659230                     /usr/lib/locale/locale-archive
7f8e10a79000-7f8e10a7d000 ---p 00000000 00:00 0 
7f8e10a7d000-7f8e10b7a000 rw-p 00000000 00:00 0 
7f8e10b7a000-7f8e10b7e000 ---p 00000000 00:00 0 
7f8e10b7e000-7f8e10c7b000 rw-p 00000000 00:00 0 
7f8e10c7b000-7f8e10c7c000 ---p 00000000 00:00 0 
7f8e10c7c000-7f8e115fe000 rw-p 00000000 00:00 0 
7f8e115fe000-7f8e115ff000 ---p 00000000 00:00 0 
7f8e115ff000-7f8e11700000 rw-p 00000000 00:00 0 
7f8e11700000-7f8e11701000 ---p 00000000 00:00 0 
7f8e11701000-7f8e11c06000 rw-p 00000000 00:00 0 
7f8e11c06000-7f8e11c07000 ---p 00000000 00:00 0 
7f8e11c07000-7f8e11d08000 rw-p 00000000 00:00 0 
7f8e11d08000-7f8e11d09000 ---p 00000000 00:00 0 
7f8e11d09000-7f8e11f02000 rw-p 00000000 00:00 0 
7f8e11f02000-7f8e12d1a000 ---p 00000000 00:00 0 
7f8e12d1a000-7f8e12e1a000 rw-p 00000000 00:00 0 
7f8e12e1a000-7f8e13c32000 ---p 00000000 00:00 0 
7f8e13c32000-7f8e13c59000 rw-p 00000000 00:00 0 
7f8e13c59000-7f8e13e1c000 ---p 00000000 00:00 0 
7f8e13e1c000-7f8e13e3c000 rw-p 00000000 00:00 0 
7f8e13e3c000-7f8e13fff000 ---p 00000000 00:00 0 
7f8e13fff000-7f8e14000000 rw-p 00000000 00:00 0 
7f8e14000000-7f8e14021000 rw-p 00000000 00:00 0 
7f8e14021000-7f8e18000000 ---p 00000000 00:00 0 
7f8e18005000-7f8e18009000 ---p 00000000 00:00 0 
7f8e18009000-7f8e18027000 rw-p 00000000 00:00 0 
7f8e18027000-7f8e1802f000 r--p 00000000 08:09 791570                     /usr/lib/jvm/java-11-openjdk-amd64/lib/libsunec.so
7f8e1802f000-7f8e18048000 r-xp 00008000 08:09 791570                     /usr/lib/jvm/java-11-openjdk-amd64/lib/libsunec.so
7f8e18048000-7f8e18052000 r--p 00021000 08:09 791570                     /usr/lib/jvm/java-11-openjdk-amd64/lib/libsunec.so
7f8e18052000-7f8e18053000 ---p 0002b000 08:09 791570                     /usr/lib/jvm/java-11-openjdk-amd64/lib/libsunec.so
7f8e18053000-7f8e18057000 r--p 0002b000 08:09 791570                     /usr/lib/jvm/java-11-openjdk-amd64/lib/libsunec.so
7f8e18057000-7f8e18059000 rw-p 0002f000 08:09 791570                     /usr/lib/jvm/java-11-openjdk-amd64/lib/libsunec.so
7f8e18059000-7f8e1805b000 r--p 00000000 08:09 785456                     /usr/lib/jvm/java-11-openjdk-amd64/lib/libdt_socket.so
7f8e1805b000-7f8e1805e000 r-xp 00002000 08:09 785456                     /usr/lib/jvm/java-11-openjdk-amd64/lib/libdt_socket.so
7f8e1805e000-7f8e1805f000 r--p 00005000 08:09 785456                     /usr/lib/jvm/java-11-openjdk-amd64/lib/libdt_socket.so
7f8e1805f000-7f8e18060000 ---p 00006000 08:09 785456                     /usr/lib/jvm/java-11-openjdk-amd64/lib/libdt_socket.so
7f8e18060000-7f8e18061000 r--p 00006000 08:09 785456                     /usr/lib/jvm/java-11-openjdk-amd64/lib/libdt_socket.so
7f8e18061000-7f8e18062000 rw-p 00007000 08:09 785456                     /usr/lib/jvm/java-11-openjdk-amd64/lib/libdt_socket.so
7f8e18062000-7f8e180dc000 rw-p 00000000 00:00 0 
7f8e180dc000-7f8e1829f000 ---p 00000000 00:00 0 
7f8e1829f000-7f8e186a4000 rw-p 00000000 00:00 0 
7f8e186a4000-7f8e186a5000 ---p 00000000 00:00 0 
7f8e186a5000-7f8e187ab000 rw-p 00000000 00:00 0 
7f8e187ab000-7f8e18891000 ---p 00000000 00:00 0 
7f8e18891000-7f8e18b01000 rwxp 00000000 00:00 0 
7f8e18b01000-7f8e18e21000 ---p 00000000 00:00 0 
7f8e18e21000-7f8e19201000 rwxp 00000000 00:00 0 
7f8e19201000-7f8e20359000 ---p 00000000 00:00 0 
7f8e20359000-7f8e205c9000 rwxp 00000000 00:00 0 
7f8e205c9000-7f8e27891000 ---p 00000000 00:00 0 
7f8e30000000-7f8e3074f000 rw-p 00000000 00:00 0 
7f8e3074f000-7f8e34000000 ---p 00000000 00:00 0 
7f8e34008000-7f8e3400f000 r--s 00000000 08:09 1190158                    /usr/lib/x86_64-linux-gnu/gconv/gconv-modules.cache
7f8e3401a000-7f8e3401b000 r--p 00000000 08:09 785457                     /usr/lib/jvm/java-11-openjdk-amd64/lib/libextnet.so
7f8e3401b000-7f8e3401c000 r-xp 00001000 08:09 785457                     /usr/lib/jvm/java-11-openjdk-amd64/lib/libextnet.so
7f8e3401c000-7f8e3401d000 r--p 00002000 08:09 785457                     /usr/lib/jvm/java-11-openjdk-amd64/lib/libextnet.so
7f8e3401d000-7f8e3401e000 r--p 00002000 08:09 785457                     /usr/lib/jvm/java-11-openjdk-amd64/lib/libextnet.so
7f8e3401e000-7f8e3401f000 rw-p 00003000 08:09 785457                     /usr/lib/jvm/java-11-openjdk-amd64/lib/libextnet.so
7f8e3401f000-7f8e34023000 r--p 00000000 08:09 786356                     /usr/lib/jvm/java-11-openjdk-amd64/lib/libnet.so
7f8e34023000-7f8e34032000 r-xp 00004000 08:09 786356                     /usr/lib/jvm/java-11-openjdk-amd64/lib/libnet.so
7f8e34032000-7f8e34036000 r--p 00013000 08:09 786356                     /usr/lib/jvm/java-11-openjdk-amd64/lib/libnet.so
7f8e34036000-7f8e34037000 r--p 00016000 08:09 786356                     /usr/lib/jvm/java-11-openjdk-amd64/lib/libnet.so
7f8e34037000-7f8e34038000 rw-p 00017000 08:09 786356                     /usr/lib/jvm/java-11-openjdk-amd64/lib/libnet.so
7f8e34038000-7f8e3403f000 r--p 00000000 08:09 786360                     /usr/lib/jvm/java-11-openjdk-amd64/lib/libnio.so
7f8e3403f000-7f8e34047000 r-xp 00007000 08:09 786360                     /usr/lib/jvm/java-11-openjdk-amd64/lib/libnio.so
7f8e34047000-7f8e3404a000 r--p 0000f000 08:09 786360                     /usr/lib/jvm/java-11-openjdk-amd64/lib/libnio.so
7f8e3404a000-7f8e3404b000 r--p 00011000 08:09 786360                     /usr/lib/jvm/java-11-openjdk-amd64/lib/libnio.so
7f8e3404b000-7f8e3404c000 rw-p 00012000 08:09 786360                     /usr/lib/jvm/java-11-openjdk-amd64/lib/libnio.so
7f8e3404c000-7f8e34075000 rw-p 00000000 00:00 0 
7f8e34075000-7f8e34158000 ---p 00000000 00:00 0 
7f8e34158000-7f8e3415d000 rw-p 00000000 00:00 0 
7f8e3415d000-7f8e34164000 ---p 00000000 00:00 0 
7f8e34164000-7f8e34166000 r--s 0000c000 08:09 1312763                    /usr/share/java/java-atk-wrapper.jar
7f8e34166000-7f8e34169000 r--p 00000000 08:09 657139                     /usr/lib/x86_64-linux-gnu/libnss_files-2.31.so
7f8e34169000-7f8e34170000 r-xp 00003000 08:09 657139                     /usr/lib/x86_64-linux-gnu/libnss_files-2.31.so
7f8e34170000-7f8e34172000 r--p 0000a000 08:09 657139                     /usr/lib/x86_64-linux-gnu/libnss_files-2.31.so
7f8e34172000-7f8e34173000 r--p 0000b000 08:09 657139                     /usr/lib/x86_64-linux-gnu/libnss_files-2.31.so
7f8e34173000-7f8e34174000 rw-p 0000c000 08:09 657139                     /usr/lib/x86_64-linux-gnu/libnss_files-2.31.so
7f8e34174000-7f8e3417a000 rw-p 00000000 00:00 0 
7f8e3417a000-7f8e3417c000 r--p 00000000 08:09 791576                     /usr/lib/jvm/java-11-openjdk-amd64/lib/libzip.so
7f8e3417c000-7f8e34180000 r-xp 00002000 08:09 791576                     /usr/lib/jvm/java-11-openjdk-amd64/lib/libzip.so
7f8e34180000-7f8e34182000 r--p 00006000 08:09 791576                     /usr/lib/jvm/java-11-openjdk-amd64/lib/libzip.so
7f8e34182000-7f8e34183000 r--p 00007000 08:09 791576                     /usr/lib/jvm/java-11-openjdk-amd64/lib/libzip.so
7f8e34183000-7f8e34184000 rw-p 00008000 08:09 791576                     /usr/lib/jvm/java-11-openjdk-amd64/lib/libzip.so
7f8e34184000-7f8e3418c000 rw-s 00000000 08:09 1856602                    /tmp/hsperfdata_rohit/7605
7f8e3418c000-7f8e3418e000 r--p 00000000 08:09 785459                     /usr/lib/jvm/java-11-openjdk-amd64/lib/libinstrument.so
7f8e3418e000-7f8e34194000 r-xp 00002000 08:09 785459                     /usr/lib/jvm/java-11-openjdk-amd64/lib/libinstrument.so
7f8e34194000-7f8e34197000 r--p 00008000 08:09 785459                     /usr/lib/jvm/java-11-openjdk-amd64/lib/libinstrument.so
7f8e34197000-7f8e34198000 r--p 0000a000 08:09 785459                     /usr/lib/jvm/java-11-openjdk-amd64/lib/libinstrument.so
7f8e34198000-7f8e34199000 rw-p 0000b000 08:09 785459                     /usr/lib/jvm/java-11-openjdk-amd64/lib/libinstrument.so
7f8e34199000-7f8e3419b000 r--p 00000000 08:09 785470                     /usr/lib/jvm/java-11-openjdk-amd64/lib/libjdwp.so
7f8e3419b000-7f8e341c7000 r-xp 00002000 08:09 785470                     /usr/lib/jvm/java-11-openjdk-amd64/lib/libjdwp.so
7f8e341c7000-7f8e341d5000 r--p 0002e000 08:09 785470                     /usr/lib/jvm/java-11-openjdk-amd64/lib/libjdwp.so
7f8e341d5000-7f8e341d6000 r--p 0003b000 08:09 785470                     /usr/lib/jvm/java-11-openjdk-amd64/lib/libjdwp.so
7f8e341d6000-7f8e341d7000 rw-p 0003c000 08:09 785470                     /usr/lib/jvm/java-11-openjdk-amd64/lib/libjdwp.so
7f8e341d7000-7f8e341d8000 ---p 00000000 00:00 0 
7f8e341d8000-7f8e341d9000 r--p 00000000 00:00 0 
7f8e341d9000-7f8e341db000 r--p 00000000 08:09 785471                     /usr/lib/jvm/java-11-openjdk-amd64/lib/libjimage.so
7f8e341db000-7f8e341de000 r-xp 00002000 08:09 785471                     /usr/lib/jvm/java-11-openjdk-amd64/lib/libjimage.so
7f8e341de000-7f8e341df000 r--p 00005000 08:09 785471                     /usr/lib/jvm/java-11-openjdk-amd64/lib/libjimage.so
7f8e341df000-7f8e341e0000 ---p 00006000 08:09 785471                     /usr/lib/jvm/java-11-openjdk-amd64/lib/libjimage.so
7f8e341e0000-7f8e341e1000 r--p 00006000 08:09 785471                     /usr/lib/jvm/java-11-openjdk-amd64/lib/libjimage.so
7f8e341e1000-7f8e341e2000 rw-p 00007000 08:09 785471                     /usr/lib/jvm/java-11-openjdk-amd64/lib/libjimage.so
7f8e341e2000-7f8e341f0000 r--p 00000000 08:09 785464                     /usr/lib/jvm/java-11-openjdk-amd64/lib/libjava.so
7f8e341f0000-7f8e34206000 r-xp 0000e000 08:09 785464                     /usr/lib/jvm/java-11-openjdk-amd64/lib/libjava.so
7f8e34206000-7f8e3420d000 r--p 00024000 08:09 785464                     /usr/lib/jvm/java-11-openjdk-amd64/lib/libjava.so
7f8e3420d000-7f8e3420e000 r--p 0002a000 08:09 785464                     /usr/lib/jvm/java-11-openjdk-amd64/lib/libjava.so
7f8e3420e000-7f8e3420f000 rw-p 0002b000 08:09 785464                     /usr/lib/jvm/java-11-openjdk-amd64/lib/libjava.so
7f8e3420f000-7f8e34210000 rw-p 00000000 00:00 0 
7f8e34210000-7f8e34213000 r--p 00000000 08:09 657146                     /usr/lib/x86_64-linux-gnu/librt-2.31.so
7f8e34213000-7f8e34217000 r-xp 00003000 08:09 657146                     /usr/lib/x86_64-linux-gnu/librt-2.31.so
7f8e34217000-7f8e34218000 r--p 00007000 08:09 657146                     /usr/lib/x86_64-linux-gnu/librt-2.31.so
7f8e34218000-7f8e34219000 ---p 00008000 08:09 657146                     /usr/lib/x86_64-linux-gnu/librt-2.31.so
7f8e34219000-7f8e3421a000 r--p 00008000 08:09 657146                     /usr/lib/x86_64-linux-gnu/librt-2.31.so
7f8e3421a000-7f8e3421b000 rw-p 00009000 08:09 657146                     /usr/lib/x86_64-linux-gnu/librt-2.31.so
7f8e3421b000-7f8e3421f000 ---p 00000000 00:00 0 
7f8e3421f000-7f8e3431c000 rw-p 00000000 00:00 0 
7f8e3431c000-7f8e3431f000 r--p 00000000 08:09 659243                     /usr/lib/x86_64-linux-gnu/libgcc_s.so.1
7f8e3431f000-7f8e34331000 r-xp 00003000 08:09 659243                     /usr/lib/x86_64-linux-gnu/libgcc_s.so.1
7f8e34331000-7f8e34335000 r--p 00015000 08:09 659243                     /usr/lib/x86_64-linux-gnu/libgcc_s.so.1
7f8e34335000-7f8e34336000 r--p 00018000 08:09 659243                     /usr/lib/x86_64-linux-gnu/libgcc_s.so.1
7f8e34336000-7f8e34337000 rw-p 00019000 08:09 659243                     /usr/lib/x86_64-linux-gnu/libgcc_s.so.1
7f8e34337000-7f8e34346000 r--p 00000000 08:09 657133                     /usr/lib/x86_64-linux-gnu/libm-2.31.so
7f8e34346000-7f8e343ed000 r-xp 0000f000 08:09 657133                     /usr/lib/x86_64-linux-gnu/libm-2.31.so
7f8e343ed000-7f8e34484000 r--p 000b6000 08:09 657133                     /usr/lib/x86_64-linux-gnu/libm-2.31.so
7f8e34484000-7f8e34485000 r--p 0014c000 08:09 657133                     /usr/lib/x86_64-linux-gnu/libm-2.31.so
7f8e34485000-7f8e34486000 rw-p 0014d000 08:09 657133                     /usr/lib/x86_64-linux-gnu/libm-2.31.so
7f8e34486000-7f8e3451c000 r--p 00000000 08:09 659237                     /usr/lib/x86_64-linux-gnu/libstdc++.so.6.0.28
7f8e3451c000-7f8e3460c000 r-xp 00096000 08:09 659237                     /usr/lib/x86_64-linux-gnu/libstdc++.so.6.0.28
7f8e3460c000-7f8e34655000 r--p 00186000 08:09 659237                     /usr/lib/x86_64-linux-gnu/libstdc++.so.6.0.28
7f8e34655000-7f8e34656000 ---p 001cf000 08:09 659237                     /usr/lib/x86_64-linux-gnu/libstdc++.so.6.0.28
7f8e34656000-7f8e34661000 r--p 001cf000 08:09 659237                     /usr/lib/x86_64-linux-gnu/libstdc++.so.6.0.28
7f8e34661000-7f8e34664000 rw-p 001da000 08:09 659237                     /usr/lib/x86_64-linux-gnu/libstdc++.so.6.0.28
7f8e34664000-7f8e34667000 rw-p 00000000 00:00 0 
7f8e34667000-7f8e348e0000 r--p 00000000 08:09 919091                     /usr/lib/jvm/java-11-openjdk-amd64/lib/server/libjvm.so
7f8e348e0000-7f8e35561000 r-xp 00279000 08:09 919091                     /usr/lib/jvm/java-11-openjdk-amd64/lib/server/libjvm.so
7f8e35561000-7f8e357b7000 r--p 00efa000 08:09 919091                     /usr/lib/jvm/java-11-openjdk-amd64/lib/server/libjvm.so
7f8e357b7000-7f8e357b8000 ---p 01150000 08:09 919091                     /usr/lib/jvm/java-11-openjdk-amd64/lib/server/libjvm.so
7f8e357b8000-7f8e35879000 r--p 01150000 08:09 919091                     /usr/lib/jvm/java-11-openjdk-amd64/lib/server/libjvm.so
7f8e35879000-7f8e358b4000 rw-p 01211000 08:09 919091                     /usr/lib/jvm/java-11-openjdk-amd64/lib/server/libjvm.so
7f8e358b4000-7f8e3590d000 rw-p 00000000 00:00 0 
7f8e3590d000-7f8e35914000 r--p 00000000 08:09 657144                     /usr/lib/x86_64-linux-gnu/libpthread-2.31.so
7f8e35914000-7f8e35925000 r-xp 00007000 08:09 657144                     /usr/lib/x86_64-linux-gnu/libpthread-2.31.so
7f8e35925000-7f8e3592a000 r--p 00018000 08:09 657144                     /usr/lib/x86_64-linux-gnu/libpthread-2.31.so
7f8e3592a000-7f8e3592b000 r--p 0001c000 08:09 657144                     /usr/lib/x86_64-linux-gnu/libpthread-2.31.so
7f8e3592b000-7f8e3592c000 rw-p 0001d000 08:09 657144                     /usr/lib/x86_64-linux-gnu/libpthread-2.31.so
7f8e3592c000-7f8e35930000 rw-p 00000000 00:00 0 
7f8e35930000-7f8e35931000 r--p 00000000 08:09 657132                     /usr/lib/x86_64-linux-gnu/libdl-2.31.so
7f8e35931000-7f8e35933000 r-xp 00001000 08:09 657132                     /usr/lib/x86_64-linux-gnu/libdl-2.31.so
7f8e35933000-7f8e35934000 r--p 00003000 08:09 657132                     /usr/lib/x86_64-linux-gnu/libdl-2.31.so
7f8e35934000-7f8e35935000 r--p 00003000 08:09 657132                     /usr/lib/x86_64-linux-gnu/libdl-2.31.so
7f8e35935000-7f8e35936000 rw-p 00004000 08:09 657132                     /usr/lib/x86_64-linux-gnu/libdl-2.31.so
7f8e35936000-7f8e35938000 r--p 00000000 08:09 654621                     /usr/lib/x86_64-linux-gnu/libz.so.1.2.11
7f8e35938000-7f8e35949000 r-xp 00002000 08:09 654621                     /usr/lib/x86_64-linux-gnu/libz.so.1.2.11
7f8e35949000-7f8e3594f000 r--p 00013000 08:09 654621                     /usr/lib/x86_64-linux-gnu/libz.so.1.2.11
7f8e3594f000-7f8e35950000 ---p 00019000 08:09 654621                     /usr/lib/x86_64-linux-gnu/libz.so.1.2.11
7f8e35950000-7f8e35951000 r--p 00019000 08:09 654621                     /usr/lib/x86_64-linux-gnu/libz.so.1.2.11
7f8e35951000-7f8e35952000 rw-p 0001a000 08:09 654621                     /usr/lib/x86_64-linux-gnu/libz.so.1.2.11
7f8e35952000-7f8e35977000 r--p 00000000 08:09 657131                     /usr/lib/x86_64-linux-gnu/libc-2.31.so
7f8e35977000-7f8e35aef000 r-xp 00025000 08:09 657131                     /usr/lib/x86_64-linux-gnu/libc-2.31.so
7f8e35aef000-7f8e35b39000 r--p 0019d000 08:09 657131                     /usr/lib/x86_64-linux-gnu/libc-2.31.so
7f8e35b39000-7f8e35b3a000 ---p 001e7000 08:09 657131                     /usr/lib/x86_64-linux-gnu/libc-2.31.so
7f8e35b3a000-7f8e35b3d000 r--p 001e7000 08:09 657131                     /usr/lib/x86_64-linux-gnu/libc-2.31.so
7f8e35b3d000-7f8e35b40000 rw-p 001ea000 08:09 657131                     /usr/lib/x86_64-linux-gnu/libc-2.31.so
7f8e35b40000-7f8e35b44000 rw-p 00000000 00:00 0 
7f8e35b44000-7f8e35b49000 r--p 00000000 08:09 791574                     /usr/lib/jvm/java-11-openjdk-amd64/lib/libverify.so
7f8e35b49000-7f8e35b50000 r-xp 00005000 08:09 791574                     /usr/lib/jvm/java-11-openjdk-amd64/lib/libverify.so
7f8e35b50000-7f8e35b52000 r--p 0000c000 08:09 791574                     /usr/lib/jvm/java-11-openjdk-amd64/lib/libverify.so
7f8e35b52000-7f8e35b53000 ---p 0000e000 08:09 791574                     /usr/lib/jvm/java-11-openjdk-amd64/lib/libverify.so
7f8e35b53000-7f8e35b55000 r--p 0000e000 08:09 791574                     /usr/lib/jvm/java-11-openjdk-amd64/lib/libverify.so
7f8e35b55000-7f8e35b56000 rw-p 00010000 08:09 791574                     /usr/lib/jvm/java-11-openjdk-amd64/lib/libverify.so
7f8e35b56000-7f8e35b59000 r--p 00000000 08:09 918869                     /usr/lib/jvm/java-11-openjdk-amd64/lib/jli/libjli.so
7f8e35b59000-7f8e35b63000 r-xp 00003000 08:09 918869                     /usr/lib/jvm/java-11-openjdk-amd64/lib/jli/libjli.so
7f8e35b63000-7f8e35b66000 r--p 0000d000 08:09 918869                     /usr/lib/jvm/java-11-openjdk-amd64/lib/jli/libjli.so
7f8e35b66000-7f8e35b67000 ---p 00010000 08:09 918869                     /usr/lib/jvm/java-11-openjdk-amd64/lib/jli/libjli.so
7f8e35b67000-7f8e35b68000 r--p 00010000 08:09 918869                     /usr/lib/jvm/java-11-openjdk-amd64/lib/jli/libjli.so
7f8e35b68000-7f8e35b69000 rw-p 00011000 08:09 918869                     /usr/lib/jvm/java-11-openjdk-amd64/lib/jli/libjli.so
7f8e35b69000-7f8e35b6b000 rw-p 00000000 00:00 0 
7f8e35b6b000-7f8e35b6c000 r--p 00000000 08:09 655052                     /usr/lib/x86_64-linux-gnu/ld-2.31.so
7f8e35b6c000-7f8e35b8f000 r-xp 00001000 08:09 655052                     /usr/lib/x86_64-linux-gnu/ld-2.31.so
7f8e35b8f000-7f8e35b97000 r--p 00024000 08:09 655052                     /usr/lib/x86_64-linux-gnu/ld-2.31.so
7f8e35b98000-7f8e35b99000 r--p 0002c000 08:09 655052                     /usr/lib/x86_64-linux-gnu/ld-2.31.so
7f8e35b99000-7f8e35b9a000 rw-p 0002d000 08:09 655052                     /usr/lib/x86_64-linux-gnu/ld-2.31.so
7f8e35b9a000-7f8e35b9b000 rw-p 00000000 00:00 0 
7ffc1460d000-7ffc1462f000 rw-p 00000000 00:00 0                          [stack]
7ffc147c3000-7ffc147c7000 r--p 00000000 00:00 0                          [vvar]
7ffc147c7000-7ffc147c9000 r-xp 00000000 00:00 0                          [vdso]
ffffffffff600000-ffffffffff601000 --xp 00000000 00:00 0                  [vsyscall]


VM Arguments:
jvm_args: -agentlib:jdwp=transport=dt_socket,suspend=y,address=localhost:37945 -javaagent:/home/rohit/.eclipse/360744286_linux_gtk_x86_64/configuration/org.eclipse.osgi/222/0/.cp/lib/javaagent-shaded.jar -Dfile.encoding=UTF-8 
java_command: com.pluralsight.WebDriverDemo
java_class_path (initial): /home/rohit/eclipse-workspace/WebDriverDemo/target/classes:/home/rohit/.m2/repository/org/seleniumhq/selenium/selenium-java/3.4.0/selenium-java-3.4.0.jar:/home/rohit/.m2/repository/org/seleniumhq/selenium/selenium-api/3.4.0/selenium-api-3.4.0.jar:/home/rohit/.m2/repository/org/seleniumhq/selenium/selenium-chrome-driver/3.4.0/selenium-chrome-driver-3.4.0.jar:/home/rohit/.m2/repository/org/seleniumhq/selenium/selenium-edge-driver/3.4.0/selenium-edge-driver-3.4.0.jar:/home/rohit/.m2/repository/org/seleniumhq/selenium/selenium-firefox-driver/3.4.0/selenium-firefox-driver-3.4.0.jar:/home/rohit/.m2/repository/org/seleniumhq/selenium/selenium-ie-driver/3.4.0/selenium-ie-driver-3.4.0.jar:/home/rohit/.m2/repository/org/seleniumhq/selenium/selenium-opera-driver/3.4.0/selenium-opera-driver-3.4.0.jar:/home/rohit/.m2/repository/org/seleniumhq/selenium/selenium-remote-driver/3.4.0/selenium-remote-driver-3.4.0.jar:/home/rohit/.m2/repository/org/seleniumhq/selenium/selenium-safari-driver/3.4.0/selenium-safari-driver-3.4.0.jar:/home/rohit/.m2/repository/org/seleniumhq/selenium/selenium-support/3.4.0/selenium-support-3.4.0.jar:/home/rohit/.m2/repository/cglib/cglib-nodep/3.2.4/cglib-nodep-3.2.4.jar:/home/rohit/.m2/repository/org/apache/commons/commons-exec/1.3/commons-exec-1.3.jar:/home/rohit/.m2/repository/org/apache/commons/commons-lang3/3.5/commons-lang3-3.5.jar:/home/rohit/.m2/repository/commons-codec/commons-codec/1.10/commons-codec-1.10.jar:/home/rohit/.m2/repository/commons-io/commons-io/2.5/commons-io-2.5.jar:/home/rohit/.m2/repository/commons-logging/commons-logging/1.2/commons-logging-1.2.jar:/home/rohit/.m2/repository/org/w3c/css/sac/1.3/sac-1.3.jar:/home/rohit/.m2/repository/net/sourceforge/cssparser/cssparser/0.9.22/cssparser-0.9.22.jar:/home/rohit/.m2/repository/com/google/code/gson/gson/2.8.0/gson-2.8.0.jar:/home/rohit/.m2/repository/com/google/guava/guava/21.0/guava-21.0.jar:/home/rohit/.m2/repository/org/hamcrest/hamcrest-core/1.3/hamcres
Launcher Type: SUN_STANDARD

[Global flags]
     intx CICompilerCount                          = 3                                         {product} {ergonomic}
     uint ConcGCThreads                            = 1                                         {product} {ergonomic}
     uint G1ConcRefinementThreads                  = 4                                         {product} {ergonomic}
   size_t G1HeapRegionSize                         = 1048576                                   {product} {ergonomic}
    uintx GCDrainStackTargetSize                   = 64                                        {product} {ergonomic}
   size_t InitialHeapSize                          = 65011712                                  {product} {ergonomic}
   size_t MarkStackSize                            = 4194304                                   {product} {ergonomic}
   size_t MaxHeapSize                              = 1012924416                                {product} {ergonomic}
   size_t MaxNewSize                               = 607125504                                 {product} {ergonomic}
   size_t MinHeapDeltaBytes                        = 1048576                                   {product} {ergonomic}
    uintx NonNMethodCodeHeapSize                   = 5830732                                {pd product} {ergonomic}
    uintx NonProfiledCodeHeapSize                  = 122913754                              {pd product} {ergonomic}
    uintx ProfiledCodeHeapSize                     = 122913754                              {pd product} {ergonomic}
    uintx ReservedCodeCacheSize                    = 251658240                              {pd product} {ergonomic}
     bool SegmentedCodeCache                       = true                                      {product} {ergonomic}
     bool UseCompressedClassPointers               = true                                 {lp64_product} {ergonomic}
     bool UseCompressedOops                        = true                                 {lp64_product} {ergonomic}
     bool UseG1GC                                  = true                                      {product} {ergonomic}

Logging:
Log output configuration:
 #0: stdout all=warning uptime,level,tags
 #1: stderr all=off uptime,level,tags

Environment Variables:
PATH=/usr/local/sbin:/usr/local/bin:/usr/sbin:/usr/bin:/sbin:/bin:/usr/games:/usr/local/games:/snap/bin
USERNAME=rohit
SHELL=/bin/bash
DISPLAY=:0
LANG=en_IN

Signal Handlers:
SIGSEGV: [libjvm.so+0xe85e00], sa_mask[0]=11111111011111111101111111111110, sa_flags=SA_RESTART|SA_SIGINFO
SIGBUS: [libjvm.so+0xe85e00], sa_mask[0]=11111111011111111101111111111110, sa_flags=SA_RESTART|SA_SIGINFO
SIGFPE: [libjvm.so+0xe85e00], sa_mask[0]=11111111011111111101111111111110, sa_flags=SA_RESTART|SA_SIGINFO
SIGPIPE: [libjvm.so+0xbcbc30], sa_mask[0]=11111111011111111101111111111110, sa_flags=SA_RESTART|SA_SIGINFO
SIGXFSZ: [libjvm.so+0xbcbc30], sa_mask[0]=11111111011111111101111111111110, sa_flags=SA_RESTART|SA_SIGINFO
SIGILL: [libjvm.so+0xe85e00], sa_mask[0]=11111111011111111101111111111110, sa_flags=SA_RESTART|SA_SIGINFO
SIGUSR2: [libjvm.so+0xbcbad0], sa_mask[0]=00100000000000000000000000000000, sa_flags=SA_RESTART|SA_SIGINFO
SIGHUP: [libjvm.so+0xbcbf70], sa_mask[0]=11111111011111111101111111111110, sa_flags=SA_RESTART|SA_SIGINFO
SIGINT: [libjvm.so+0xbcbf70], sa_mask[0]=11111111011111111101111111111110, sa_flags=SA_RESTART|SA_SIGINFO
SIGTERM: [libjvm.so+0xbcbf70], sa_mask[0]=11111111011111111101111111111110, sa_flags=SA_RESTART|SA_SIGINFO
SIGQUIT: [libjvm.so+0xbcbf70], sa_mask[0]=11111111011111111101111111111110, sa_flags=SA_RESTART|SA_SIGINFO


---------------  S Y S T E M  ---------------

OS:DISTRIB_ID=Ubuntu
DISTRIB_RELEASE=20.04
DISTRIB_CODENAME=focal
DISTRIB_DESCRIPTION="Ubuntu 20.04.2 LTS"
uname:Linux 5.8.0-48-generic #54~20.04.1-Ubuntu SMP Sat Mar 20 13:40:25 UTC 2021 x86_64
OS uptime: 0 days 0:56 hours
libc:glibc 2.31 NPTL 2.31 
rlimit (soft/hard): STACK 8192k/infinity , CORE 0k/infinity , NPROC 15199/15199 , NOFILE 1048576/1048576 , AS infinity/infinity , CPU infinity/infinity , DATA infinity/infinity , FSIZE infinity/infinity , MEMLOCK 65536k/65536k
load average:1.62 2.92 3.02

/proc/meminfo:
MemTotal:        3950316 kB
MemFree:          161120 kB
MemAvailable:     400872 kB
Buffers:           19808 kB
Cached:           792320 kB
SwapCached:       180536 kB
Active:          2634552 kB
Inactive:         644612 kB
Active(anon):    2335768 kB
Inactive(anon):   531392 kB
Active(file):     298784 kB
Inactive(file):   113220 kB
Unevictable:      109984 kB
Mlocked:              64 kB
SwapTotal:       5999612 kB
SwapFree:        2932256 kB
Dirty:              1040 kB
Writeback:             0 kB
AnonPages:       2556960 kB
Mapped:           278316 kB
Shmem:            399768 kB
KReclaimable:      68768 kB
Slab:             238304 kB
SReclaimable:      68768 kB
SUnreclaim:       169536 kB
KernelStack:       20640 kB
PageTables:        57188 kB
NFS_Unstable:          0 kB
Bounce:                0 kB
WritebackTmp:          0 kB
CommitLimit:     7974768 kB
Committed_AS:   16887520 kB
VmallocTotal:   34359738367 kB
VmallocUsed:       40428 kB
VmallocChunk:          0 kB
Percpu:             3280 kB
HardwareCorrupted:     0 kB
AnonHugePages:         0 kB
ShmemHugePages:        0 kB
ShmemPmdMapped:        0 kB
FileHugePages:         0 kB
FilePmdMapped:         0 kB
HugePages_Total:       0
HugePages_Free:        0
HugePages_Rsvd:        0
HugePages_Surp:        0
Hugepagesize:       2048 kB
Hugetlb:               0 kB
DirectMap4k:      383740 kB
DirectMap2M:     3731456 kB
DirectMap1G:     1048576 kB

/sys/kernel/mm/transparent_hugepage/enabled:
always [madvise] never
/sys/kernel/mm/transparent_hugepage/defrag (defrag/compaction efforts parameter):
always defer defer+madvise [madvise] never

/proc/sys/kernel/threads-max (system-wide limit on the number of threads):
30399
/proc/sys/vm/max_map_count (maximum number of memory map areas a process may have):
65530
/proc/sys/kernel/pid_max (system-wide limit on number of process identifiers):
4194304

container (cgroup) information:
container_type: cgroupv1
cpu_cpuset_cpus: 0-3
cpu_memory_nodes: 0
active_processor_count: 4
cpu_quota: -1
cpu_period: 100000
cpu_shares: -1
memory_limit_in_bytes: -1
memory_and_swap_limit_in_bytes: -1
memory_soft_limit_in_bytes: -1
memory_usage_in_bytes: 3191431168
memory_max_usage_in_bytes: 3335000064

Steal ticks since vm start: 0
Steal ticks percentage since vm start:  0.000

CPU:total 4 (initial active 4) (2 cores per cpu, 2 threads per core) family 6 model 61 stepping 4 microcode 0x2f, cmov, cx8, fxsr, mmx, sse, sse2, sse3, ssse3, sse4.1, sse4.2, popcnt, avx, avx2, aes, clmul, erms, 3dnowpref, lzcnt, ht, tsc, tscinvbit, bmi1, bmi2, adx, fma
CPU Model and flags from /proc/cpuinfo:
model name	: Intel(R) Core(TM) i5-5200U CPU @ 2.20GHz
flags		: fpu vme de pse tsc msr pae mce cx8 apic sep mtrr pge mca cmov pat pse36 clflush dts acpi mmx fxsr sse sse2 ss ht tm pbe syscall nx pdpe1gb rdtscp lm constant_tsc arch_perfmon pebs bts rep_good nopl xtopology nonstop_tsc cpuid aperfmperf pni pclmulqdq dtes64 monitor ds_cpl est tm2 ssse3 sdbg fma cx16 xtpr pdcm pcid sse4_1 sse4_2 x2apic movbe popcnt tsc_deadline_timer aes xsave avx f16c rdrand lahf_lm abm 3dnowprefetch cpuid_fault epb invpcid_single pti ssbd ibrs ibpb stibp fsgsbase tsc_adjust bmi1 avx2 smep bmi2 erms invpcid rdseed adx smap intel_pt xsaveopt dtherm ida arat pln pts md_clear flush_l1d
Online cpus:
0-3
Offline cpus:

BIOS frequency limitation:
<Not Available>
Frequency switch latency (ns):
20000
Available cpu frequencies:
<Not Available>
Current governor:
ondemand
Core performance/turbo boost:
<Not Available>

Memory: 4k page, physical 3950316k(161120k free), swap 5999612k(2932256k free)

vm_info: OpenJDK 64-Bit Server VM (11.0.10+9-Ubuntu-0ubuntu1.20.04) for linux-amd64 JRE (11.0.10+9-Ubuntu-0ubuntu1.20.04), built on Jan 20 2021 02:32:18 by "unknown" with gcc 9.3.0

END.
